[Wed Mar 23 03:03:48.073874 2016] [ssl:warn] [pid 1032:tid 524] AH01909: www.example.com:443:0 server certificate does NOT include an ID which matches the server name
[Wed Mar 23 03:03:48.214507 2016] [ssl:warn] [pid 1032:tid 524] AH01909: www.example.com:443:0 server certificate does NOT include an ID which matches the server name
[Wed Mar 23 03:03:48.261396 2016] [mpm_winnt:notice] [pid 1032:tid 524] AH00455: Apache/2.4.17 (Win32) OpenSSL/1.0.2d PHP/5.5.33 configured -- resuming normal operations
[Wed Mar 23 03:03:48.261396 2016] [mpm_winnt:notice] [pid 1032:tid 524] AH00456: Apache Lounge VC11 Server built: Oct 13 2015 10:54:13
[Wed Mar 23 03:03:48.261396 2016] [core:notice] [pid 1032:tid 524] AH00094: Command line: 'c:\\xampp\\apache\\bin\\httpd.exe -d C:/xampp/apache'
[Wed Mar 23 03:03:48.261396 2016] [mpm_winnt:notice] [pid 1032:tid 524] AH00418: Parent: Created child process 3196
[Wed Mar 23 03:03:48.698884 2016] [ssl:warn] [pid 3196:tid 536] AH01909: www.example.com:443:0 server certificate does NOT include an ID which matches the server name
[Wed Mar 23 03:03:48.855136 2016] [ssl:warn] [pid 3196:tid 536] AH01909: www.example.com:443:0 server certificate does NOT include an ID which matches the server name
[Wed Mar 23 03:03:48.886388 2016] [mpm_winnt:notice] [pid 3196:tid 536] AH00354: Child: Starting 150 worker threads.
[Wed Mar 23 03:04:11.724781 2016] [:error] [pid 3196:tid 1844] [client ::1:51122] PHP Warning:  include_once(includes/db_connect.php): failed to open stream: No such file or directory in C:\\xampp\\htdocs\\index.php on line 2
[Wed Mar 23 03:04:11.724781 2016] [:error] [pid 3196:tid 1844] [client ::1:51122] PHP Warning:  include_once(): Failed opening 'includes/db_connect.php' for inclusion (include_path='C:\\xampp\\php\\PEAR') in C:\\xampp\\htdocs\\index.php on line 2
[Wed Mar 23 03:04:11.724781 2016] [:error] [pid 3196:tid 1844] [client ::1:51122] PHP Warning:  include_once(includes/functions.php): failed to open stream: No such file or directory in C:\\xampp\\htdocs\\index.php on line 3
[Wed Mar 23 03:04:11.724781 2016] [:error] [pid 3196:tid 1844] [client ::1:51122] PHP Warning:  include_once(): Failed opening 'includes/functions.php' for inclusion (include_path='C:\\xampp\\php\\PEAR') in C:\\xampp\\htdocs\\index.php on line 3
[Wed Mar 23 03:04:11.725801 2016] [:error] [pid 3196:tid 1844] [client ::1:51122] PHP Fatal error:  Call to undefined function sec_session_start() in C:\\xampp\\htdocs\\index.php on line 5
[Wed Mar 23 06:41:25.334644 2016] [:error] [pid 3196:tid 1840] [client ::1:53057] PHP Warning:  mysqli::mysqli(): (HY000/1045): Access denied for user 'sucurihcctf'@'189.27.93.41' (using password: YES) in C:\\xampp\\htdocs\\includes\\db_connect.php on line 3
[Fri Apr 15 00:25:19.284336 2016] [ssl:warn] [pid 8340:tid 548] AH01909: www.example.com:443:0 server certificate does NOT include an ID which matches the server name
[Fri Apr 15 00:25:19.424976 2016] [core:warn] [pid 8340:tid 548] AH00098: pid file C:/xampp/apache/logs/httpd.pid overwritten -- Unclean shutdown of previous Apache run?
[Fri Apr 15 00:25:19.549897 2016] [ssl:warn] [pid 8340:tid 548] AH01909: www.example.com:443:0 server certificate does NOT include an ID which matches the server name
[Fri Apr 15 00:25:20.018652 2016] [mpm_winnt:notice] [pid 8340:tid 548] AH00455: Apache/2.4.17 (Win32) OpenSSL/1.0.2d PHP/5.5.33 configured -- resuming normal operations
[Fri Apr 15 00:25:20.018652 2016] [mpm_winnt:notice] [pid 8340:tid 548] AH00456: Apache Lounge VC11 Server built: Oct 13 2015 10:54:13
[Fri Apr 15 00:25:20.018652 2016] [core:notice] [pid 8340:tid 548] AH00094: Command line: 'c:\\xampp\\apache\\bin\\httpd.exe -d C:/xampp/apache'
[Fri Apr 15 00:25:20.018652 2016] [mpm_winnt:notice] [pid 8340:tid 548] AH00418: Parent: Created child process 7720
[Fri Apr 15 00:25:20.503036 2016] [ssl:warn] [pid 7720:tid 524] AH01909: www.example.com:443:0 server certificate does NOT include an ID which matches the server name
[Fri Apr 15 00:25:20.643662 2016] [ssl:warn] [pid 7720:tid 524] AH01909: www.example.com:443:0 server certificate does NOT include an ID which matches the server name
[Fri Apr 15 00:25:20.674931 2016] [mpm_winnt:notice] [pid 7720:tid 524] AH00354: Child: Starting 150 worker threads.
[Fri Apr 15 00:25:37.732176 2016] [:error] [pid 7720:tid 1848] [client ::1:56278] PHP Warning:  mysqli::mysqli(): (HY000/1045): Access denied for user 'sucurihcctf'@'189.27.93.232' (using password: YES) in C:\\xampp\\htdocs\\includes\\db_connect.php on line 3
[Fri Apr 15 00:30:42.612838 2016] [:error] [pid 7720:tid 1816] [client ::1:56360] PHP Warning:  mysqli::mysqli(): (HY000/1045): Access denied for user 'sucurihcctf'@'189.27.93.232' (using password: YES) in C:\\xampp\\htdocs\\includes\\db_connect.php on line 3
[Fri Apr 15 00:40:20.266551 2016] [:error] [pid 7720:tid 1808] [client ::1:56568] PHP Notice:  Undefined variable: conn in C:\\xampp\\htdocs\\includes\\functions.php on line 332, referer: http://localhost/eua.php
[Fri Apr 15 00:40:20.267579 2016] [:error] [pid 7720:tid 1808] [client ::1:56568] PHP Notice:  Trying to get property of non-object in C:\\xampp\\htdocs\\includes\\functions.php on line 332, referer: http://localhost/eua.php
[Fri Apr 15 00:40:20.267579 2016] [:error] [pid 7720:tid 1808] [client ::1:56568] PHP Notice:  Undefined variable: conn in C:\\xampp\\htdocs\\includes\\functions.php on line 335, referer: http://localhost/eua.php
[Fri Apr 15 00:40:20.267579 2016] [:error] [pid 7720:tid 1808] [client ::1:56568] PHP Fatal error:  Call to a member function set_charset() on a non-object in C:\\xampp\\htdocs\\includes\\functions.php on line 335, referer: http://localhost/eua.php
[Fri Apr 15 00:49:41.770321 2016] [:error] [pid 7720:tid 1832] [client ::1:56658] PHP Warning:  Missing argument 2 for flagresolvida(), called in C:\\xampp\\htdocs\\includes\\functions.php on line 230 and defined in C:\\xampp\\htdocs\\includes\\functions.php on line 290, referer: http://localhost/eventos.php
[Fri Apr 15 00:49:41.770321 2016] [:error] [pid 7720:tid 1832] [client ::1:56658] PHP Notice:  Trying to get property of non-object in C:\\xampp\\htdocs\\includes\\functions.php on line 292, referer: http://localhost/eventos.php
[Fri Apr 15 00:49:41.771295 2016] [:error] [pid 7720:tid 1832] [client ::1:56658] PHP Fatal error:  Call to a member function set_charset() on a non-object in C:\\xampp\\htdocs\\includes\\functions.php on line 296, referer: http://localhost/eventos.php
[Fri Apr 15 00:51:09.788422 2016] [:error] [pid 7720:tid 1808] [client ::1:56678] PHP Warning:  mysqli::prepare(): Couldn't fetch mysqli in C:\\xampp\\htdocs\\includes\\functions.php on line 223, referer: http://localhost/eventos.php
[Fri Apr 15 00:51:09.788422 2016] [:error] [pid 7720:tid 1808] [client ::1:56678] PHP Warning:  mysqli::prepare(): Couldn't fetch mysqli in C:\\xampp\\htdocs\\includes\\functions.php on line 223, referer: http://localhost/eventos.php
[Fri Apr 15 00:51:09.789422 2016] [:error] [pid 7720:tid 1808] [client ::1:56678] PHP Warning:  mysqli::prepare(): Couldn't fetch mysqli in C:\\xampp\\htdocs\\includes\\functions.php on line 223, referer: http://localhost/eventos.php
[Fri Apr 15 00:51:09.789422 2016] [:error] [pid 7720:tid 1808] [client ::1:56678] PHP Warning:  mysqli::prepare(): Couldn't fetch mysqli in C:\\xampp\\htdocs\\includes\\functions.php on line 223, referer: http://localhost/eventos.php
[Fri Apr 15 00:51:09.789422 2016] [:error] [pid 7720:tid 1808] [client ::1:56678] PHP Warning:  mysqli::prepare(): Couldn't fetch mysqli in C:\\xampp\\htdocs\\includes\\functions.php on line 244, referer: http://localhost/eventos.php
[Fri Apr 15 00:51:09.790423 2016] [:error] [pid 7720:tid 1808] [client ::1:56678] PHP Warning:  mysqli::prepare(): Couldn't fetch mysqli in C:\\xampp\\htdocs\\includes\\functions.php on line 244, referer: http://localhost/eventos.php
[Fri Apr 15 00:51:09.790423 2016] [:error] [pid 7720:tid 1808] [client ::1:56678] PHP Warning:  mysqli::prepare(): Couldn't fetch mysqli in C:\\xampp\\htdocs\\includes\\functions.php on line 244, referer: http://localhost/eventos.php
[Fri Apr 15 00:51:09.791423 2016] [:error] [pid 7720:tid 1808] [client ::1:56678] PHP Warning:  mysqli::prepare(): Couldn't fetch mysqli in C:\\xampp\\htdocs\\includes\\functions.php on line 244, referer: http://localhost/eventos.php
[Fri Apr 15 00:51:09.791423 2016] [:error] [pid 7720:tid 1808] [client ::1:56678] PHP Warning:  mysqli::prepare(): Couldn't fetch mysqli in C:\\xampp\\htdocs\\includes\\functions.php on line 244, referer: http://localhost/eventos.php
[Fri Apr 15 00:52:44.658333 2016] [:error] [pid 7720:tid 1832] [client ::1:56710] PHP Warning:  Missing argument 4 for insere(), called in C:\\xampp\\htdocs\\includes\\functions.php on line 319 and defined in C:\\xampp\\htdocs\\includes\\functions.php on line 325, referer: http://localhost/eua.php
[Fri Apr 15 00:52:44.658333 2016] [:error] [pid 7720:tid 1832] [client ::1:56710] PHP Notice:  Trying to get property of non-object in C:\\xampp\\htdocs\\includes\\functions.php on line 327, referer: http://localhost/eua.php
[Fri Apr 15 00:52:44.659318 2016] [:error] [pid 7720:tid 1832] [client ::1:56710] PHP Fatal error:  Call to a member function set_charset() on a non-object in C:\\xampp\\htdocs\\includes\\functions.php on line 330, referer: http://localhost/eua.php
[Fri Apr 15 00:53:18.439312 2016] [:error] [pid 7720:tid 1832] [client ::1:56717] PHP Warning:  mysqli::set_charset(): Error executing query in C:\\xampp\\htdocs\\includes\\functions.php on line 330, referer: http://localhost/eua.php
[Fri Apr 15 00:53:18.439312 2016] [:error] [pid 7720:tid 1832] [client ::1:56717] PHP Notice:  Undefined variable: userid in C:\\xampp\\htdocs\\includes\\functions.php on line 331, referer: http://localhost/eua.php
[Fri Apr 15 00:53:18.439312 2016] [:error] [pid 7720:tid 1832] [client ::1:56717] PHP Warning:  mysqli::prepare(): Couldn't fetch mysqli in C:\\xampp\\htdocs\\includes\\functions.php on line 126, referer: http://localhost/eua.php
[Fri Apr 15 00:53:42.756423 2016] [:error] [pid 7720:tid 1824] [client ::1:56725] PHP Warning:  mysqli::set_charset(): Error executing query in C:\\xampp\\htdocs\\includes\\functions.php on line 330, referer: http://localhost/eua.php
[Fri Apr 15 00:53:42.757428 2016] [:error] [pid 7720:tid 1824] [client ::1:56725] PHP Notice:  Undefined variable: userid in C:\\xampp\\htdocs\\includes\\functions.php on line 331, referer: http://localhost/eua.php
[Fri Apr 15 00:53:56.674696 2016] [:error] [pid 7720:tid 1824] [client ::1:56730] PHP Notice:  Use of undefined constant SECURE - assumed 'SECURE' in C:\\xampp\\htdocs\\includes\\functions.php on line 5, referer: http://localhost/eua.php
[Fri Apr 15 00:54:09.340940 2016] [:error] [pid 7720:tid 1816] [client ::1:56734] PHP Warning:  mysqli::set_charset(): Error executing query in C:\\xampp\\htdocs\\includes\\functions.php on line 330, referer: http://localhost/eua.php
[Fri Apr 15 00:54:09.341958 2016] [:error] [pid 7720:tid 1816] [client ::1:56734] PHP Notice:  Undefined variable: userid in C:\\xampp\\htdocs\\includes\\functions.php on line 331, referer: http://localhost/eua.php
[Fri Apr 15 00:57:47.929679 2016] [:error] [pid 7720:tid 1824] [client ::1:56869] PHP Warning:  mysqli::set_charset(): Error executing query in C:\\xampp\\htdocs\\includes\\functions.php on line 331, referer: http://localhost/eua.php
[Fri Apr 15 01:01:18.430754 2016] [:error] [pid 7720:tid 1824] [client ::1:56886] PHP Warning:  mysqli::set_charset(): Error executing query in C:\\xampp\\htdocs\\includes\\functions.php on line 331, referer: http://localhost/eua.php
[Fri Apr 15 01:01:18.431759 2016] [:error] [pid 7720:tid 1824] [client ::1:56886] PHP Catchable fatal error:  Object of class mysqli could not be converted to string in C:\\xampp\\htdocs\\includes\\functions.php on line 339, referer: http://localhost/eua.php
[Fri Apr 15 01:02:19.291974 2016] [:error] [pid 7720:tid 1824] [client ::1:56895] PHP Warning:  mysqli::set_charset(): Error executing query in C:\\xampp\\htdocs\\includes\\functions.php on line 331, referer: http://localhost/eua.php
[Fri Apr 15 01:02:19.291974 2016] [:error] [pid 7720:tid 1824] [client ::1:56895] PHP Catchable fatal error:  Object of class mysqli could not be converted to string in C:\\xampp\\htdocs\\includes\\functions.php on line 339, referer: http://localhost/eua.php
[Fri Apr 15 01:03:41.206095 2016] [:error] [pid 7720:tid 1824] [client ::1:56904] PHP Warning:  Missing argument 4 for insere(), called in C:\\xampp\\htdocs\\includes\\functions.php on line 319 and defined in C:\\xampp\\htdocs\\includes\\functions.php on line 325, referer: http://localhost/eua.php
[Fri Apr 15 01:03:41.208099 2016] [:error] [pid 7720:tid 1824] [client ::1:56904] PHP Notice:  Undefined variable: evento in C:\\xampp\\htdocs\\includes\\functions.php on line 336, referer: http://localhost/eua.php
[Fri Apr 15 01:06:23.060825 2016] [:error] [pid 7720:tid 1824] [client ::1:56999] PHP Warning:  Missing argument 2 for flagresolvida(), called in C:\\xampp\\htdocs\\includes\\functions.php on line 230 and defined in C:\\xampp\\htdocs\\includes\\functions.php on line 290, referer: http://localhost/eventos.php
[Fri Apr 15 01:06:23.060825 2016] [:error] [pid 7720:tid 1824] [client ::1:56999] PHP Notice:  Trying to get property of non-object in C:\\xampp\\htdocs\\includes\\functions.php on line 296, referer: http://localhost/eventos.php
[Fri Apr 15 01:06:23.061822 2016] [:error] [pid 7720:tid 1824] [client ::1:56999] PHP Fatal error:  Call to a member function set_charset() on a non-object in C:\\xampp\\htdocs\\includes\\functions.php on line 300, referer: http://localhost/eventos.php
[Fri Apr 15 01:06:31.776764 2016] [:error] [pid 7720:tid 1824] [client ::1:57007] PHP Warning:  Missing argument 2 for flagresolvida(), called in C:\\xampp\\htdocs\\includes\\functions.php on line 230 and defined in C:\\xampp\\htdocs\\includes\\functions.php on line 290, referer: http://localhost/eventos.php
[Fri Apr 15 01:06:31.778763 2016] [:error] [pid 7720:tid 1824] [client ::1:57007] PHP Notice:  Undefined variable: flagid in C:\\xampp\\htdocs\\includes\\functions.php on line 302, referer: http://localhost/eventos.php
[Fri Apr 15 01:06:31.778763 2016] [:error] [pid 7720:tid 1824] [client ::1:57007] PHP Notice:  Trying to get property of non-object in C:\\xampp\\htdocs\\includes\\functions.php on line 304, referer: http://localhost/eventos.php
[Fri Apr 15 01:06:31.779764 2016] [:error] [pid 7720:tid 1824] [client ::1:57007] PHP Warning:  Missing argument 2 for flagresolvida(), called in C:\\xampp\\htdocs\\includes\\functions.php on line 230 and defined in C:\\xampp\\htdocs\\includes\\functions.php on line 290, referer: http://localhost/eventos.php
[Fri Apr 15 01:06:31.781765 2016] [:error] [pid 7720:tid 1824] [client ::1:57007] PHP Notice:  Undefined variable: flagid in C:\\xampp\\htdocs\\includes\\functions.php on line 302, referer: http://localhost/eventos.php
[Fri Apr 15 01:06:31.782766 2016] [:error] [pid 7720:tid 1824] [client ::1:57007] PHP Notice:  Trying to get property of non-object in C:\\xampp\\htdocs\\includes\\functions.php on line 304, referer: http://localhost/eventos.php
[Fri Apr 15 01:06:31.783766 2016] [:error] [pid 7720:tid 1824] [client ::1:57007] PHP Warning:  Missing argument 2 for flagresolvida(), called in C:\\xampp\\htdocs\\includes\\functions.php on line 230 and defined in C:\\xampp\\htdocs\\includes\\functions.php on line 290, referer: http://localhost/eventos.php
[Fri Apr 15 01:06:31.785770 2016] [:error] [pid 7720:tid 1824] [client ::1:57007] PHP Notice:  Undefined variable: flagid in C:\\xampp\\htdocs\\includes\\functions.php on line 302, referer: http://localhost/eventos.php
[Fri Apr 15 01:06:31.786771 2016] [:error] [pid 7720:tid 1824] [client ::1:57007] PHP Notice:  Trying to get property of non-object in C:\\xampp\\htdocs\\includes\\functions.php on line 304, referer: http://localhost/eventos.php
[Fri Apr 15 01:06:31.786771 2016] [:error] [pid 7720:tid 1824] [client ::1:57007] PHP Warning:  Missing argument 2 for flagresolvida(), called in C:\\xampp\\htdocs\\includes\\functions.php on line 230 and defined in C:\\xampp\\htdocs\\includes\\functions.php on line 290, referer: http://localhost/eventos.php
[Fri Apr 15 01:06:31.788770 2016] [:error] [pid 7720:tid 1824] [client ::1:57007] PHP Notice:  Undefined variable: flagid in C:\\xampp\\htdocs\\includes\\functions.php on line 302, referer: http://localhost/eventos.php
[Fri Apr 15 01:06:31.788770 2016] [:error] [pid 7720:tid 1824] [client ::1:57007] PHP Notice:  Trying to get property of non-object in C:\\xampp\\htdocs\\includes\\functions.php on line 304, referer: http://localhost/eventos.php
[Fri Apr 15 01:06:31.789770 2016] [:error] [pid 7720:tid 1824] [client ::1:57007] PHP Warning:  Missing argument 2 for flagresolvida(), called in C:\\xampp\\htdocs\\includes\\functions.php on line 230 and defined in C:\\xampp\\htdocs\\includes\\functions.php on line 290, referer: http://localhost/eventos.php
[Fri Apr 15 01:06:31.791772 2016] [:error] [pid 7720:tid 1824] [client ::1:57007] PHP Notice:  Undefined variable: flagid in C:\\xampp\\htdocs\\includes\\functions.php on line 302, referer: http://localhost/eventos.php
[Fri Apr 15 01:06:31.792773 2016] [:error] [pid 7720:tid 1824] [client ::1:57007] PHP Notice:  Trying to get property of non-object in C:\\xampp\\htdocs\\includes\\functions.php on line 304, referer: http://localhost/eventos.php
[Fri Apr 15 01:06:31.793773 2016] [:error] [pid 7720:tid 1824] [client ::1:57007] PHP Warning:  Missing argument 2 for flagresolvida(), called in C:\\xampp\\htdocs\\includes\\functions.php on line 230 and defined in C:\\xampp\\htdocs\\includes\\functions.php on line 290, referer: http://localhost/eventos.php
[Fri Apr 15 01:06:31.795775 2016] [:error] [pid 7720:tid 1824] [client ::1:57007] PHP Notice:  Undefined variable: flagid in C:\\xampp\\htdocs\\includes\\functions.php on line 302, referer: http://localhost/eventos.php
[Fri Apr 15 01:06:31.795775 2016] [:error] [pid 7720:tid 1824] [client ::1:57007] PHP Notice:  Trying to get property of non-object in C:\\xampp\\htdocs\\includes\\functions.php on line 304, referer: http://localhost/eventos.php
[Fri Apr 15 01:06:31.796778 2016] [:error] [pid 7720:tid 1824] [client ::1:57007] PHP Warning:  Missing argument 2 for flagresolvida(), called in C:\\xampp\\htdocs\\includes\\functions.php on line 230 and defined in C:\\xampp\\htdocs\\includes\\functions.php on line 290, referer: http://localhost/eventos.php
[Fri Apr 15 01:06:31.798777 2016] [:error] [pid 7720:tid 1824] [client ::1:57007] PHP Notice:  Undefined variable: flagid in C:\\xampp\\htdocs\\includes\\functions.php on line 302, referer: http://localhost/eventos.php
[Fri Apr 15 01:06:31.798777 2016] [:error] [pid 7720:tid 1824] [client ::1:57007] PHP Notice:  Trying to get property of non-object in C:\\xampp\\htdocs\\includes\\functions.php on line 304, referer: http://localhost/eventos.php
[Fri Apr 15 01:06:31.799777 2016] [:error] [pid 7720:tid 1824] [client ::1:57007] PHP Warning:  Missing argument 2 for flagresolvida(), called in C:\\xampp\\htdocs\\includes\\functions.php on line 230 and defined in C:\\xampp\\htdocs\\includes\\functions.php on line 290, referer: http://localhost/eventos.php
[Fri Apr 15 01:06:31.801779 2016] [:error] [pid 7720:tid 1824] [client ::1:57007] PHP Notice:  Undefined variable: flagid in C:\\xampp\\htdocs\\includes\\functions.php on line 302, referer: http://localhost/eventos.php
[Fri Apr 15 01:06:31.802781 2016] [:error] [pid 7720:tid 1824] [client ::1:57007] PHP Notice:  Trying to get property of non-object in C:\\xampp\\htdocs\\includes\\functions.php on line 304, referer: http://localhost/eventos.php
[Fri Apr 15 01:06:31.802781 2016] [:error] [pid 7720:tid 1824] [client ::1:57007] PHP Warning:  Missing argument 2 for flagresolvida(), called in C:\\xampp\\htdocs\\includes\\functions.php on line 230 and defined in C:\\xampp\\htdocs\\includes\\functions.php on line 290, referer: http://localhost/eventos.php
[Fri Apr 15 01:06:31.814789 2016] [:error] [pid 7720:tid 1824] [client ::1:57007] PHP Notice:  Undefined variable: flagid in C:\\xampp\\htdocs\\includes\\functions.php on line 302, referer: http://localhost/eventos.php
[Fri Apr 15 01:06:31.815789 2016] [:error] [pid 7720:tid 1824] [client ::1:57007] PHP Notice:  Trying to get property of non-object in C:\\xampp\\htdocs\\includes\\functions.php on line 304, referer: http://localhost/eventos.php
[Fri Apr 15 01:06:31.815789 2016] [:error] [pid 7720:tid 1824] [client ::1:57007] PHP Warning:  Missing argument 2 for flagresolvida(), called in C:\\xampp\\htdocs\\includes\\functions.php on line 230 and defined in C:\\xampp\\htdocs\\includes\\functions.php on line 290, referer: http://localhost/eventos.php
[Fri Apr 15 01:06:31.817790 2016] [:error] [pid 7720:tid 1824] [client ::1:57007] PHP Notice:  Undefined variable: flagid in C:\\xampp\\htdocs\\includes\\functions.php on line 302, referer: http://localhost/eventos.php
[Fri Apr 15 01:06:31.818791 2016] [:error] [pid 7720:tid 1824] [client ::1:57007] PHP Notice:  Trying to get property of non-object in C:\\xampp\\htdocs\\includes\\functions.php on line 304, referer: http://localhost/eventos.php
[Fri Apr 15 01:06:50.366700 2016] [:error] [pid 7720:tid 1840] [client ::1:57049] PHP Warning:  Missing argument 4 for insere(), called in C:\\xampp\\htdocs\\includes\\functions.php on line 325 and defined in C:\\xampp\\htdocs\\includes\\functions.php on line 331, referer: http://localhost/eua.php
[Fri Apr 15 01:06:50.368703 2016] [:error] [pid 7720:tid 1840] [client ::1:57049] PHP Notice:  Undefined variable: evento in C:\\xampp\\htdocs\\includes\\functions.php on line 342, referer: http://localhost/eua.php
[Fri Apr 15 01:16:47.542438 2016] [:error] [pid 7720:tid 1824] [client ::1:57159] PHP Warning:  mysqli::set_charset(): Error executing query in C:\\xampp\\htdocs\\includes\\functions.php on line 334, referer: http://localhost/eua.php
[Fri Apr 15 01:20:09.929536 2016] [:error] [pid 7720:tid 1808] [client ::1:57379] PHP Warning:  mysqli::mysqli(): (HY000/1045): Access denied for user 'sucurihcctf'@'189.27.93.232' (using password: YES) in C:\\xampp\\htdocs\\includes\\functions.php on line 430, referer: http://localhost/eventos.php
[Fri Apr 15 01:32:29.771327 2016] [:error] [pid 7720:tid 1848] [client ::1:57694] PHP Notice:  Undefined variable: mysqli in C:\\xampp\\htdocs\\includes\\functions.php on line 345, referer: http://localhost/eua.php
[Fri Apr 15 01:32:29.772331 2016] [:error] [pid 7720:tid 1848] [client ::1:57694] PHP Fatal error:  Call to a member function prepare() on a non-object in C:\\xampp\\htdocs\\includes\\functions.php on line 394, referer: http://localhost/eua.php
[Fri Apr 15 01:34:22.018163 2016] [:error] [pid 7720:tid 1848] [client ::1:57746] PHP Notice:  Undefined variable: mysqli in C:\\xampp\\htdocs\\includes\\functions.php on line 345, referer: http://localhost/eua.php
[Fri Apr 15 01:34:22.018163 2016] [:error] [pid 7720:tid 1848] [client ::1:57746] PHP Fatal error:  Call to a member function prepare() on a non-object in C:\\xampp\\htdocs\\includes\\functions.php on line 394, referer: http://localhost/eua.php
[Fri Apr 15 01:35:18.133861 2016] [:error] [pid 7720:tid 1848] [client ::1:57767] PHP Notice:  Undefined variable: mysqli in C:\\xampp\\htdocs\\includes\\functions.php on line 345, referer: http://localhost/eua.php
[Fri Apr 15 01:46:18.510407 2016] [:error] [pid 7720:tid 1848] [client ::1:57860] PHP Notice:  Undefined index: username in C:\\xampp\\htdocs\\includes\\functions.php on line 432, referer: http://localhost/eventos.php
[Fri Apr 15 01:46:18.510407 2016] [:error] [pid 7720:tid 1848] [client ::1:57860] PHP Notice:  Undefined index: score in C:\\xampp\\htdocs\\includes\\functions.php on line 433, referer: http://localhost/eventos.php
[Fri Apr 15 01:46:18.510407 2016] [:error] [pid 7720:tid 1848] [client ::1:57860] PHP Notice:  Undefined index: username in C:\\xampp\\htdocs\\includes\\functions.php on line 432, referer: http://localhost/eventos.php
[Fri Apr 15 01:46:18.511436 2016] [:error] [pid 7720:tid 1848] [client ::1:57860] PHP Notice:  Undefined index: score in C:\\xampp\\htdocs\\includes\\functions.php on line 433, referer: http://localhost/eventos.php
[Fri Apr 15 01:46:18.511436 2016] [:error] [pid 7720:tid 1848] [client ::1:57860] PHP Notice:  Undefined index: username in C:\\xampp\\htdocs\\includes\\functions.php on line 432, referer: http://localhost/eventos.php
[Fri Apr 15 01:46:18.512431 2016] [:error] [pid 7720:tid 1848] [client ::1:57860] PHP Notice:  Undefined index: score in C:\\xampp\\htdocs\\includes\\functions.php on line 433, referer: http://localhost/eventos.php
[Fri Apr 15 01:46:18.512431 2016] [:error] [pid 7720:tid 1848] [client ::1:57860] PHP Notice:  Undefined index: username in C:\\xampp\\htdocs\\includes\\functions.php on line 432, referer: http://localhost/eventos.php
[Fri Apr 15 01:46:18.512431 2016] [:error] [pid 7720:tid 1848] [client ::1:57860] PHP Notice:  Undefined index: score in C:\\xampp\\htdocs\\includes\\functions.php on line 433, referer: http://localhost/eventos.php
[Fri Apr 15 01:46:18.512431 2016] [:error] [pid 7720:tid 1848] [client ::1:57860] PHP Notice:  Undefined index: username in C:\\xampp\\htdocs\\includes\\functions.php on line 432, referer: http://localhost/eventos.php
[Fri Apr 15 01:46:18.512431 2016] [:error] [pid 7720:tid 1848] [client ::1:57860] PHP Notice:  Undefined index: score in C:\\xampp\\htdocs\\includes\\functions.php on line 433, referer: http://localhost/eventos.php
[Fri Apr 15 01:46:18.512431 2016] [:error] [pid 7720:tid 1848] [client ::1:57860] PHP Notice:  Undefined index: username in C:\\xampp\\htdocs\\includes\\functions.php on line 432, referer: http://localhost/eventos.php
[Fri Apr 15 01:46:18.512431 2016] [:error] [pid 7720:tid 1848] [client ::1:57860] PHP Notice:  Undefined index: score in C:\\xampp\\htdocs\\includes\\functions.php on line 433, referer: http://localhost/eventos.php
[Fri Apr 15 01:46:18.513431 2016] [:error] [pid 7720:tid 1848] [client ::1:57860] PHP Notice:  Undefined index: username in C:\\xampp\\htdocs\\includes\\functions.php on line 432, referer: http://localhost/eventos.php
[Fri Apr 15 01:46:18.513431 2016] [:error] [pid 7720:tid 1848] [client ::1:57860] PHP Notice:  Undefined index: score in C:\\xampp\\htdocs\\includes\\functions.php on line 433, referer: http://localhost/eventos.php
[Fri Apr 15 01:46:18.513431 2016] [:error] [pid 7720:tid 1848] [client ::1:57860] PHP Notice:  Undefined index: username in C:\\xampp\\htdocs\\includes\\functions.php on line 432, referer: http://localhost/eventos.php
[Fri Apr 15 01:46:18.513431 2016] [:error] [pid 7720:tid 1848] [client ::1:57860] PHP Notice:  Undefined index: score in C:\\xampp\\htdocs\\includes\\functions.php on line 433, referer: http://localhost/eventos.php
[Fri Apr 15 01:46:18.513431 2016] [:error] [pid 7720:tid 1848] [client ::1:57860] PHP Notice:  Undefined index: username in C:\\xampp\\htdocs\\includes\\functions.php on line 432, referer: http://localhost/eventos.php
[Fri Apr 15 01:46:18.513431 2016] [:error] [pid 7720:tid 1848] [client ::1:57860] PHP Notice:  Undefined index: score in C:\\xampp\\htdocs\\includes\\functions.php on line 433, referer: http://localhost/eventos.php
[Fri Apr 15 01:46:18.513431 2016] [:error] [pid 7720:tid 1848] [client ::1:57860] PHP Notice:  Undefined index: username in C:\\xampp\\htdocs\\includes\\functions.php on line 432, referer: http://localhost/eventos.php
[Fri Apr 15 01:46:18.514432 2016] [:error] [pid 7720:tid 1848] [client ::1:57860] PHP Notice:  Undefined index: score in C:\\xampp\\htdocs\\includes\\functions.php on line 433, referer: http://localhost/eventos.php
[Fri Apr 15 01:46:18.514432 2016] [:error] [pid 7720:tid 1848] [client ::1:57860] PHP Notice:  Undefined index: username in C:\\xampp\\htdocs\\includes\\functions.php on line 432, referer: http://localhost/eventos.php
[Fri Apr 15 01:46:18.514432 2016] [:error] [pid 7720:tid 1848] [client ::1:57860] PHP Notice:  Undefined index: score in C:\\xampp\\htdocs\\includes\\functions.php on line 433, referer: http://localhost/eventos.php
[Fri Apr 15 01:46:18.514432 2016] [:error] [pid 7720:tid 1848] [client ::1:57860] PHP Notice:  Undefined index: username in C:\\xampp\\htdocs\\includes\\functions.php on line 432, referer: http://localhost/eventos.php
[Fri Apr 15 01:46:18.514432 2016] [:error] [pid 7720:tid 1848] [client ::1:57860] PHP Notice:  Undefined index: score in C:\\xampp\\htdocs\\includes\\functions.php on line 433, referer: http://localhost/eventos.php
[Fri Apr 15 01:46:18.514432 2016] [:error] [pid 7720:tid 1848] [client ::1:57860] PHP Notice:  Undefined index: username in C:\\xampp\\htdocs\\includes\\functions.php on line 432, referer: http://localhost/eventos.php
[Fri Apr 15 01:46:18.514432 2016] [:error] [pid 7720:tid 1848] [client ::1:57860] PHP Notice:  Undefined index: score in C:\\xampp\\htdocs\\includes\\functions.php on line 433, referer: http://localhost/eventos.php
[Fri Apr 15 01:46:18.515411 2016] [:error] [pid 7720:tid 1848] [client ::1:57860] PHP Notice:  Undefined index: username in C:\\xampp\\htdocs\\includes\\functions.php on line 432, referer: http://localhost/eventos.php
[Fri Apr 15 01:46:18.515411 2016] [:error] [pid 7720:tid 1848] [client ::1:57860] PHP Notice:  Undefined index: score in C:\\xampp\\htdocs\\includes\\functions.php on line 433, referer: http://localhost/eventos.php
[Fri Apr 15 01:46:18.515411 2016] [:error] [pid 7720:tid 1848] [client ::1:57860] PHP Notice:  Undefined index: username in C:\\xampp\\htdocs\\includes\\functions.php on line 432, referer: http://localhost/eventos.php
[Fri Apr 15 01:46:18.515411 2016] [:error] [pid 7720:tid 1848] [client ::1:57860] PHP Notice:  Undefined index: score in C:\\xampp\\htdocs\\includes\\functions.php on line 433, referer: http://localhost/eventos.php
[Fri Apr 15 01:46:18.515411 2016] [:error] [pid 7720:tid 1848] [client ::1:57860] PHP Notice:  Undefined index: username in C:\\xampp\\htdocs\\includes\\functions.php on line 432, referer: http://localhost/eventos.php
[Fri Apr 15 01:46:18.516414 2016] [:error] [pid 7720:tid 1848] [client ::1:57860] PHP Notice:  Undefined index: score in C:\\xampp\\htdocs\\includes\\functions.php on line 433, referer: http://localhost/eventos.php
[Fri Apr 15 01:46:18.516414 2016] [:error] [pid 7720:tid 1848] [client ::1:57860] PHP Notice:  Undefined index: username in C:\\xampp\\htdocs\\includes\\functions.php on line 432, referer: http://localhost/eventos.php
[Fri Apr 15 01:46:18.516414 2016] [:error] [pid 7720:tid 1848] [client ::1:57860] PHP Notice:  Undefined index: score in C:\\xampp\\htdocs\\includes\\functions.php on line 433, referer: http://localhost/eventos.php
[Fri Apr 15 01:46:18.516414 2016] [:error] [pid 7720:tid 1848] [client ::1:57860] PHP Notice:  Undefined index: username in C:\\xampp\\htdocs\\includes\\functions.php on line 432, referer: http://localhost/eventos.php
[Fri Apr 15 01:46:18.516414 2016] [:error] [pid 7720:tid 1848] [client ::1:57860] PHP Notice:  Undefined index: score in C:\\xampp\\htdocs\\includes\\functions.php on line 433, referer: http://localhost/eventos.php
[Fri Apr 15 01:46:18.517415 2016] [:error] [pid 7720:tid 1848] [client ::1:57860] PHP Notice:  Undefined index: username in C:\\xampp\\htdocs\\includes\\functions.php on line 432, referer: http://localhost/eventos.php
[Fri Apr 15 01:46:18.517415 2016] [:error] [pid 7720:tid 1848] [client ::1:57860] PHP Notice:  Undefined index: score in C:\\xampp\\htdocs\\includes\\functions.php on line 433, referer: http://localhost/eventos.php
[Fri Apr 15 01:46:18.517415 2016] [:error] [pid 7720:tid 1848] [client ::1:57860] PHP Notice:  Undefined index: username in C:\\xampp\\htdocs\\includes\\functions.php on line 432, referer: http://localhost/eventos.php
[Fri Apr 15 01:46:18.517415 2016] [:error] [pid 7720:tid 1848] [client ::1:57860] PHP Notice:  Undefined index: score in C:\\xampp\\htdocs\\includes\\functions.php on line 433, referer: http://localhost/eventos.php
[Fri Apr 15 01:46:18.518414 2016] [:error] [pid 7720:tid 1848] [client ::1:57860] PHP Notice:  Undefined index: username in C:\\xampp\\htdocs\\includes\\functions.php on line 432, referer: http://localhost/eventos.php
[Fri Apr 15 01:46:18.519423 2016] [:error] [pid 7720:tid 1848] [client ::1:57860] PHP Notice:  Undefined index: score in C:\\xampp\\htdocs\\includes\\functions.php on line 433, referer: http://localhost/eventos.php
[Fri Apr 15 01:46:18.519423 2016] [:error] [pid 7720:tid 1848] [client ::1:57860] PHP Notice:  Undefined index: username in C:\\xampp\\htdocs\\includes\\functions.php on line 432, referer: http://localhost/eventos.php
[Fri Apr 15 01:46:18.519423 2016] [:error] [pid 7720:tid 1848] [client ::1:57860] PHP Notice:  Undefined index: score in C:\\xampp\\htdocs\\includes\\functions.php on line 433, referer: http://localhost/eventos.php
[Fri Apr 15 01:46:18.519423 2016] [:error] [pid 7720:tid 1848] [client ::1:57860] PHP Notice:  Undefined index: username in C:\\xampp\\htdocs\\includes\\functions.php on line 432, referer: http://localhost/eventos.php
[Fri Apr 15 01:46:18.519423 2016] [:error] [pid 7720:tid 1848] [client ::1:57860] PHP Notice:  Undefined index: score in C:\\xampp\\htdocs\\includes\\functions.php on line 433, referer: http://localhost/eventos.php
[Fri Apr 15 01:46:18.519423 2016] [:error] [pid 7720:tid 1848] [client ::1:57860] PHP Notice:  Undefined index: username in C:\\xampp\\htdocs\\includes\\functions.php on line 432, referer: http://localhost/eventos.php
[Fri Apr 15 01:46:18.520414 2016] [:error] [pid 7720:tid 1848] [client ::1:57860] PHP Notice:  Undefined index: score in C:\\xampp\\htdocs\\includes\\functions.php on line 433, referer: http://localhost/eventos.php
[Fri Apr 15 01:46:18.520414 2016] [:error] [pid 7720:tid 1848] [client ::1:57860] PHP Notice:  Undefined index: username in C:\\xampp\\htdocs\\includes\\functions.php on line 432, referer: http://localhost/eventos.php
[Fri Apr 15 01:46:18.520414 2016] [:error] [pid 7720:tid 1848] [client ::1:57860] PHP Notice:  Undefined index: score in C:\\xampp\\htdocs\\includes\\functions.php on line 433, referer: http://localhost/eventos.php
[Fri Apr 15 01:46:18.520414 2016] [:error] [pid 7720:tid 1848] [client ::1:57860] PHP Notice:  Undefined index: username in C:\\xampp\\htdocs\\includes\\functions.php on line 432, referer: http://localhost/eventos.php
[Fri Apr 15 01:46:18.520414 2016] [:error] [pid 7720:tid 1848] [client ::1:57860] PHP Notice:  Undefined index: score in C:\\xampp\\htdocs\\includes\\functions.php on line 433, referer: http://localhost/eventos.php
[Fri Apr 15 01:46:18.520414 2016] [:error] [pid 7720:tid 1848] [client ::1:57860] PHP Notice:  Undefined index: username in C:\\xampp\\htdocs\\includes\\functions.php on line 432, referer: http://localhost/eventos.php
[Fri Apr 15 01:46:18.520414 2016] [:error] [pid 7720:tid 1848] [client ::1:57860] PHP Notice:  Undefined index: score in C:\\xampp\\htdocs\\includes\\functions.php on line 433, referer: http://localhost/eventos.php
[Fri Apr 15 01:46:18.521414 2016] [:error] [pid 7720:tid 1848] [client ::1:57860] PHP Notice:  Undefined index: username in C:\\xampp\\htdocs\\includes\\functions.php on line 432, referer: http://localhost/eventos.php
[Fri Apr 15 01:46:18.521414 2016] [:error] [pid 7720:tid 1848] [client ::1:57860] PHP Notice:  Undefined index: score in C:\\xampp\\htdocs\\includes\\functions.php on line 433, referer: http://localhost/eventos.php
[Fri Apr 15 01:46:18.521414 2016] [:error] [pid 7720:tid 1848] [client ::1:57860] PHP Notice:  Undefined index: username in C:\\xampp\\htdocs\\includes\\functions.php on line 432, referer: http://localhost/eventos.php
[Fri Apr 15 01:46:18.521414 2016] [:error] [pid 7720:tid 1848] [client ::1:57860] PHP Notice:  Undefined index: score in C:\\xampp\\htdocs\\includes\\functions.php on line 433, referer: http://localhost/eventos.php
[Fri Apr 15 01:46:18.521414 2016] [:error] [pid 7720:tid 1848] [client ::1:57860] PHP Notice:  Undefined index: username in C:\\xampp\\htdocs\\includes\\functions.php on line 432, referer: http://localhost/eventos.php
[Fri Apr 15 01:46:18.521414 2016] [:error] [pid 7720:tid 1848] [client ::1:57860] PHP Notice:  Undefined index: score in C:\\xampp\\htdocs\\includes\\functions.php on line 433, referer: http://localhost/eventos.php
[Fri Apr 15 01:46:18.521414 2016] [:error] [pid 7720:tid 1848] [client ::1:57860] PHP Notice:  Undefined index: username in C:\\xampp\\htdocs\\includes\\functions.php on line 432, referer: http://localhost/eventos.php
[Fri Apr 15 01:46:18.522416 2016] [:error] [pid 7720:tid 1848] [client ::1:57860] PHP Notice:  Undefined index: score in C:\\xampp\\htdocs\\includes\\functions.php on line 433, referer: http://localhost/eventos.php
[Fri Apr 15 01:46:18.522416 2016] [:error] [pid 7720:tid 1848] [client ::1:57860] PHP Notice:  Undefined index: username in C:\\xampp\\htdocs\\includes\\functions.php on line 432, referer: http://localhost/eventos.php
[Fri Apr 15 01:46:18.522416 2016] [:error] [pid 7720:tid 1848] [client ::1:57860] PHP Notice:  Undefined index: score in C:\\xampp\\htdocs\\includes\\functions.php on line 433, referer: http://localhost/eventos.php
[Fri Apr 15 01:46:18.523417 2016] [:error] [pid 7720:tid 1848] [client ::1:57860] PHP Notice:  Undefined index: username in C:\\xampp\\htdocs\\includes\\functions.php on line 432, referer: http://localhost/eventos.php
[Fri Apr 15 01:46:18.523417 2016] [:error] [pid 7720:tid 1848] [client ::1:57860] PHP Notice:  Undefined index: score in C:\\xampp\\htdocs\\includes\\functions.php on line 433, referer: http://localhost/eventos.php
[Fri Apr 15 01:46:18.523417 2016] [:error] [pid 7720:tid 1848] [client ::1:57860] PHP Notice:  Undefined index: username in C:\\xampp\\htdocs\\includes\\functions.php on line 432, referer: http://localhost/eventos.php
[Fri Apr 15 01:46:18.523417 2016] [:error] [pid 7720:tid 1848] [client ::1:57860] PHP Notice:  Undefined index: score in C:\\xampp\\htdocs\\includes\\functions.php on line 433, referer: http://localhost/eventos.php
[Fri Apr 15 01:46:18.524417 2016] [:error] [pid 7720:tid 1848] [client ::1:57860] PHP Notice:  Undefined index: username in C:\\xampp\\htdocs\\includes\\functions.php on line 432, referer: http://localhost/eventos.php
[Fri Apr 15 01:46:18.524417 2016] [:error] [pid 7720:tid 1848] [client ::1:57860] PHP Notice:  Undefined index: score in C:\\xampp\\htdocs\\includes\\functions.php on line 433, referer: http://localhost/eventos.php
[Fri Apr 15 01:46:18.524417 2016] [:error] [pid 7720:tid 1848] [client ::1:57860] PHP Notice:  Undefined index: username in C:\\xampp\\htdocs\\includes\\functions.php on line 432, referer: http://localhost/eventos.php
[Fri Apr 15 01:46:18.524417 2016] [:error] [pid 7720:tid 1848] [client ::1:57860] PHP Notice:  Undefined index: score in C:\\xampp\\htdocs\\includes\\functions.php on line 433, referer: http://localhost/eventos.php
[Fri Apr 15 01:46:18.525418 2016] [:error] [pid 7720:tid 1848] [client ::1:57860] PHP Notice:  Undefined index: username in C:\\xampp\\htdocs\\includes\\functions.php on line 432, referer: http://localhost/eventos.php
[Fri Apr 15 01:46:18.525418 2016] [:error] [pid 7720:tid 1848] [client ::1:57860] PHP Notice:  Undefined index: score in C:\\xampp\\htdocs\\includes\\functions.php on line 433, referer: http://localhost/eventos.php
[Fri Apr 15 01:46:18.525418 2016] [:error] [pid 7720:tid 1848] [client ::1:57860] PHP Notice:  Undefined index: username in C:\\xampp\\htdocs\\includes\\functions.php on line 432, referer: http://localhost/eventos.php
[Fri Apr 15 01:46:18.525418 2016] [:error] [pid 7720:tid 1848] [client ::1:57860] PHP Notice:  Undefined index: score in C:\\xampp\\htdocs\\includes\\functions.php on line 433, referer: http://localhost/eventos.php
[Fri Apr 15 01:46:18.526418 2016] [:error] [pid 7720:tid 1848] [client ::1:57860] PHP Notice:  Undefined index: username in C:\\xampp\\htdocs\\includes\\functions.php on line 432, referer: http://localhost/eventos.php
[Fri Apr 15 01:46:18.526418 2016] [:error] [pid 7720:tid 1848] [client ::1:57860] PHP Notice:  Undefined index: score in C:\\xampp\\htdocs\\includes\\functions.php on line 433, referer: http://localhost/eventos.php
[Fri Apr 15 01:46:18.526418 2016] [:error] [pid 7720:tid 1848] [client ::1:57860] PHP Notice:  Undefined index: username in C:\\xampp\\htdocs\\includes\\functions.php on line 432, referer: http://localhost/eventos.php
[Fri Apr 15 01:46:18.526418 2016] [:error] [pid 7720:tid 1848] [client ::1:57860] PHP Notice:  Undefined index: score in C:\\xampp\\htdocs\\includes\\functions.php on line 433, referer: http://localhost/eventos.php
[Fri Apr 15 01:46:18.527420 2016] [:error] [pid 7720:tid 1848] [client ::1:57860] PHP Notice:  Undefined index: username in C:\\xampp\\htdocs\\includes\\functions.php on line 432, referer: http://localhost/eventos.php
[Fri Apr 15 01:46:18.527420 2016] [:error] [pid 7720:tid 1848] [client ::1:57860] PHP Notice:  Undefined index: score in C:\\xampp\\htdocs\\includes\\functions.php on line 433, referer: http://localhost/eventos.php
[Fri Apr 15 01:46:18.527420 2016] [:error] [pid 7720:tid 1848] [client ::1:57860] PHP Notice:  Undefined index: username in C:\\xampp\\htdocs\\includes\\functions.php on line 432, referer: http://localhost/eventos.php
[Fri Apr 15 01:46:18.527420 2016] [:error] [pid 7720:tid 1848] [client ::1:57860] PHP Notice:  Undefined index: score in C:\\xampp\\htdocs\\includes\\functions.php on line 433, referer: http://localhost/eventos.php
[Fri Apr 15 01:46:18.528420 2016] [:error] [pid 7720:tid 1848] [client ::1:57860] PHP Notice:  Undefined index: username in C:\\xampp\\htdocs\\includes\\functions.php on line 432, referer: http://localhost/eventos.php
[Fri Apr 15 01:46:18.528420 2016] [:error] [pid 7720:tid 1848] [client ::1:57860] PHP Notice:  Undefined index: score in C:\\xampp\\htdocs\\includes\\functions.php on line 433, referer: http://localhost/eventos.php
[Fri Apr 15 01:46:18.528420 2016] [:error] [pid 7720:tid 1848] [client ::1:57860] PHP Notice:  Undefined index: username in C:\\xampp\\htdocs\\includes\\functions.php on line 432, referer: http://localhost/eventos.php
[Fri Apr 15 01:46:18.529422 2016] [:error] [pid 7720:tid 1848] [client ::1:57860] PHP Notice:  Undefined index: score in C:\\xampp\\htdocs\\includes\\functions.php on line 433, referer: http://localhost/eventos.php
[Fri Apr 15 01:46:18.529422 2016] [:error] [pid 7720:tid 1848] [client ::1:57860] PHP Notice:  Undefined index: username in C:\\xampp\\htdocs\\includes\\functions.php on line 432, referer: http://localhost/eventos.php
[Fri Apr 15 01:46:18.529422 2016] [:error] [pid 7720:tid 1848] [client ::1:57860] PHP Notice:  Undefined index: score in C:\\xampp\\htdocs\\includes\\functions.php on line 433, referer: http://localhost/eventos.php
[Fri Apr 15 01:46:18.530422 2016] [:error] [pid 7720:tid 1848] [client ::1:57860] PHP Notice:  Undefined index: username in C:\\xampp\\htdocs\\includes\\functions.php on line 432, referer: http://localhost/eventos.php
[Fri Apr 15 01:46:18.530422 2016] [:error] [pid 7720:tid 1848] [client ::1:57860] PHP Notice:  Undefined index: score in C:\\xampp\\htdocs\\includes\\functions.php on line 433, referer: http://localhost/eventos.php
[Fri Apr 15 01:46:18.530422 2016] [:error] [pid 7720:tid 1848] [client ::1:57860] PHP Notice:  Undefined index: username in C:\\xampp\\htdocs\\includes\\functions.php on line 432, referer: http://localhost/eventos.php
[Fri Apr 15 01:46:18.530422 2016] [:error] [pid 7720:tid 1848] [client ::1:57860] PHP Notice:  Undefined index: score in C:\\xampp\\htdocs\\includes\\functions.php on line 433, referer: http://localhost/eventos.php
[Fri Apr 15 01:46:18.530422 2016] [:error] [pid 7720:tid 1848] [client ::1:57860] PHP Notice:  Undefined index: username in C:\\xampp\\htdocs\\includes\\functions.php on line 432, referer: http://localhost/eventos.php
[Fri Apr 15 01:46:18.531428 2016] [:error] [pid 7720:tid 1848] [client ::1:57860] PHP Notice:  Undefined index: score in C:\\xampp\\htdocs\\includes\\functions.php on line 433, referer: http://localhost/eventos.php
[Fri Apr 15 01:46:18.531428 2016] [:error] [pid 7720:tid 1848] [client ::1:57860] PHP Notice:  Undefined index: username in C:\\xampp\\htdocs\\includes\\functions.php on line 432, referer: http://localhost/eventos.php
[Fri Apr 15 01:46:18.531428 2016] [:error] [pid 7720:tid 1848] [client ::1:57860] PHP Notice:  Undefined index: score in C:\\xampp\\htdocs\\includes\\functions.php on line 433, referer: http://localhost/eventos.php
[Fri Apr 15 01:46:18.532423 2016] [:error] [pid 7720:tid 1848] [client ::1:57860] PHP Notice:  Undefined index: username in C:\\xampp\\htdocs\\includes\\functions.php on line 432, referer: http://localhost/eventos.php
[Fri Apr 15 01:46:18.533424 2016] [:error] [pid 7720:tid 1848] [client ::1:57860] PHP Notice:  Undefined index: score in C:\\xampp\\htdocs\\includes\\functions.php on line 433, referer: http://localhost/eventos.php
[Fri Apr 15 01:46:18.533424 2016] [:error] [pid 7720:tid 1848] [client ::1:57860] PHP Notice:  Undefined index: username in C:\\xampp\\htdocs\\includes\\functions.php on line 432, referer: http://localhost/eventos.php
[Fri Apr 15 01:46:18.533424 2016] [:error] [pid 7720:tid 1848] [client ::1:57860] PHP Notice:  Undefined index: score in C:\\xampp\\htdocs\\includes\\functions.php on line 433, referer: http://localhost/eventos.php
[Fri Apr 15 01:46:18.533424 2016] [:error] [pid 7720:tid 1848] [client ::1:57860] PHP Notice:  Undefined index: username in C:\\xampp\\htdocs\\includes\\functions.php on line 432, referer: http://localhost/eventos.php
[Fri Apr 15 01:46:18.533424 2016] [:error] [pid 7720:tid 1848] [client ::1:57860] PHP Notice:  Undefined index: score in C:\\xampp\\htdocs\\includes\\functions.php on line 433, referer: http://localhost/eventos.php
[Fri Apr 15 01:46:18.534425 2016] [:error] [pid 7720:tid 1848] [client ::1:57860] PHP Notice:  Undefined index: username in C:\\xampp\\htdocs\\includes\\functions.php on line 432, referer: http://localhost/eventos.php
[Fri Apr 15 01:46:18.534425 2016] [:error] [pid 7720:tid 1848] [client ::1:57860] PHP Notice:  Undefined index: score in C:\\xampp\\htdocs\\includes\\functions.php on line 433, referer: http://localhost/eventos.php
[Fri Apr 15 01:46:18.534425 2016] [:error] [pid 7720:tid 1848] [client ::1:57860] PHP Notice:  Undefined index: username in C:\\xampp\\htdocs\\includes\\functions.php on line 432, referer: http://localhost/eventos.php
[Fri Apr 15 01:46:18.535426 2016] [:error] [pid 7720:tid 1848] [client ::1:57860] PHP Notice:  Undefined index: score in C:\\xampp\\htdocs\\includes\\functions.php on line 433, referer: http://localhost/eventos.php
[Fri Apr 15 01:46:18.536427 2016] [:error] [pid 7720:tid 1848] [client ::1:57860] PHP Notice:  Undefined index: username in C:\\xampp\\htdocs\\includes\\functions.php on line 432, referer: http://localhost/eventos.php
[Fri Apr 15 01:46:18.536427 2016] [:error] [pid 7720:tid 1848] [client ::1:57860] PHP Notice:  Undefined index: score in C:\\xampp\\htdocs\\includes\\functions.php on line 433, referer: http://localhost/eventos.php
[Fri Apr 15 01:46:18.536427 2016] [:error] [pid 7720:tid 1848] [client ::1:57860] PHP Notice:  Undefined index: username in C:\\xampp\\htdocs\\includes\\functions.php on line 432, referer: http://localhost/eventos.php
[Fri Apr 15 01:46:18.537427 2016] [:error] [pid 7720:tid 1848] [client ::1:57860] PHP Notice:  Undefined index: score in C:\\xampp\\htdocs\\includes\\functions.php on line 433, referer: http://localhost/eventos.php
[Fri Apr 15 01:46:18.537427 2016] [:error] [pid 7720:tid 1848] [client ::1:57860] PHP Notice:  Undefined index: username in C:\\xampp\\htdocs\\includes\\functions.php on line 432, referer: http://localhost/eventos.php
[Fri Apr 15 01:46:18.537427 2016] [:error] [pid 7720:tid 1848] [client ::1:57860] PHP Notice:  Undefined index: score in C:\\xampp\\htdocs\\includes\\functions.php on line 433, referer: http://localhost/eventos.php
[Fri Apr 15 01:46:18.537427 2016] [:error] [pid 7720:tid 1848] [client ::1:57860] PHP Notice:  Undefined index: username in C:\\xampp\\htdocs\\includes\\functions.php on line 432, referer: http://localhost/eventos.php
[Fri Apr 15 01:46:18.538430 2016] [:error] [pid 7720:tid 1848] [client ::1:57860] PHP Notice:  Undefined index: score in C:\\xampp\\htdocs\\includes\\functions.php on line 433, referer: http://localhost/eventos.php
[Fri Apr 15 01:46:18.538430 2016] [:error] [pid 7720:tid 1848] [client ::1:57860] PHP Notice:  Undefined index: username in C:\\xampp\\htdocs\\includes\\functions.php on line 432, referer: http://localhost/eventos.php
[Fri Apr 15 01:46:18.538430 2016] [:error] [pid 7720:tid 1848] [client ::1:57860] PHP Notice:  Undefined index: score in C:\\xampp\\htdocs\\includes\\functions.php on line 433, referer: http://localhost/eventos.php
[Fri Apr 15 01:46:18.539429 2016] [:error] [pid 7720:tid 1848] [client ::1:57860] PHP Notice:  Undefined index: username in C:\\xampp\\htdocs\\includes\\functions.php on line 432, referer: http://localhost/eventos.php
[Fri Apr 15 01:46:18.539429 2016] [:error] [pid 7720:tid 1848] [client ::1:57860] PHP Notice:  Undefined index: score in C:\\xampp\\htdocs\\includes\\functions.php on line 433, referer: http://localhost/eventos.php
[Fri Apr 15 01:46:18.539429 2016] [:error] [pid 7720:tid 1848] [client ::1:57860] PHP Notice:  Undefined index: username in C:\\xampp\\htdocs\\includes\\functions.php on line 432, referer: http://localhost/eventos.php
[Fri Apr 15 01:46:18.539429 2016] [:error] [pid 7720:tid 1848] [client ::1:57860] PHP Notice:  Undefined index: score in C:\\xampp\\htdocs\\includes\\functions.php on line 433, referer: http://localhost/eventos.php
[Fri Apr 15 01:46:18.539429 2016] [:error] [pid 7720:tid 1848] [client ::1:57860] PHP Notice:  Undefined index: username in C:\\xampp\\htdocs\\includes\\functions.php on line 432, referer: http://localhost/eventos.php
[Fri Apr 15 01:46:18.540432 2016] [:error] [pid 7720:tid 1848] [client ::1:57860] PHP Notice:  Undefined index: score in C:\\xampp\\htdocs\\includes\\functions.php on line 433, referer: http://localhost/eventos.php
[Fri Apr 15 01:46:18.540432 2016] [:error] [pid 7720:tid 1848] [client ::1:57860] PHP Notice:  Undefined index: username in C:\\xampp\\htdocs\\includes\\functions.php on line 432, referer: http://localhost/eventos.php
[Fri Apr 15 01:46:18.540432 2016] [:error] [pid 7720:tid 1848] [client ::1:57860] PHP Notice:  Undefined index: score in C:\\xampp\\htdocs\\includes\\functions.php on line 433, referer: http://localhost/eventos.php
[Fri Apr 15 01:46:18.540432 2016] [:error] [pid 7720:tid 1848] [client ::1:57860] PHP Notice:  Undefined index: username in C:\\xampp\\htdocs\\includes\\functions.php on line 432, referer: http://localhost/eventos.php
[Fri Apr 15 01:46:18.540432 2016] [:error] [pid 7720:tid 1848] [client ::1:57860] PHP Notice:  Undefined index: score in C:\\xampp\\htdocs\\includes\\functions.php on line 433, referer: http://localhost/eventos.php
[Fri Apr 15 01:46:18.540432 2016] [:error] [pid 7720:tid 1848] [client ::1:57860] PHP Notice:  Undefined index: username in C:\\xampp\\htdocs\\includes\\functions.php on line 432, referer: http://localhost/eventos.php
[Fri Apr 15 01:46:18.540432 2016] [:error] [pid 7720:tid 1848] [client ::1:57860] PHP Notice:  Undefined index: score in C:\\xampp\\htdocs\\includes\\functions.php on line 433, referer: http://localhost/eventos.php
[Fri Apr 15 01:46:18.540432 2016] [:error] [pid 7720:tid 1848] [client ::1:57860] PHP Notice:  Undefined index: username in C:\\xampp\\htdocs\\includes\\functions.php on line 432, referer: http://localhost/eventos.php
[Fri Apr 15 01:46:18.541432 2016] [:error] [pid 7720:tid 1848] [client ::1:57860] PHP Notice:  Undefined index: score in C:\\xampp\\htdocs\\includes\\functions.php on line 433, referer: http://localhost/eventos.php
[Fri Apr 15 01:46:18.541432 2016] [:error] [pid 7720:tid 1848] [client ::1:57860] PHP Notice:  Undefined index: username in C:\\xampp\\htdocs\\includes\\functions.php on line 432, referer: http://localhost/eventos.php
[Fri Apr 15 01:46:18.541432 2016] [:error] [pid 7720:tid 1848] [client ::1:57860] PHP Notice:  Undefined index: score in C:\\xampp\\htdocs\\includes\\functions.php on line 433, referer: http://localhost/eventos.php
[Fri Apr 15 01:46:18.541432 2016] [:error] [pid 7720:tid 1848] [client ::1:57860] PHP Notice:  Undefined index: username in C:\\xampp\\htdocs\\includes\\functions.php on line 432, referer: http://localhost/eventos.php
[Fri Apr 15 01:46:18.541432 2016] [:error] [pid 7720:tid 1848] [client ::1:57860] PHP Notice:  Undefined index: score in C:\\xampp\\htdocs\\includes\\functions.php on line 433, referer: http://localhost/eventos.php
[Fri Apr 15 01:46:18.541432 2016] [:error] [pid 7720:tid 1848] [client ::1:57860] PHP Notice:  Undefined index: username in C:\\xampp\\htdocs\\includes\\functions.php on line 432, referer: http://localhost/eventos.php
[Fri Apr 15 01:46:18.541432 2016] [:error] [pid 7720:tid 1848] [client ::1:57860] PHP Notice:  Undefined index: score in C:\\xampp\\htdocs\\includes\\functions.php on line 433, referer: http://localhost/eventos.php
[Fri Apr 15 01:46:18.542433 2016] [:error] [pid 7720:tid 1848] [client ::1:57860] PHP Notice:  Undefined index: username in C:\\xampp\\htdocs\\includes\\functions.php on line 432, referer: http://localhost/eventos.php
[Fri Apr 15 01:46:18.542433 2016] [:error] [pid 7720:tid 1848] [client ::1:57860] PHP Notice:  Undefined index: score in C:\\xampp\\htdocs\\includes\\functions.php on line 433, referer: http://localhost/eventos.php
[Fri Apr 15 01:46:18.542433 2016] [:error] [pid 7720:tid 1848] [client ::1:57860] PHP Notice:  Undefined index: username in C:\\xampp\\htdocs\\includes\\functions.php on line 432, referer: http://localhost/eventos.php
[Fri Apr 15 01:46:18.542433 2016] [:error] [pid 7720:tid 1848] [client ::1:57860] PHP Notice:  Undefined index: score in C:\\xampp\\htdocs\\includes\\functions.php on line 433, referer: http://localhost/eventos.php
[Fri Apr 15 01:46:18.542433 2016] [:error] [pid 7720:tid 1848] [client ::1:57860] PHP Notice:  Undefined index: username in C:\\xampp\\htdocs\\includes\\functions.php on line 432, referer: http://localhost/eventos.php
[Fri Apr 15 01:46:18.542433 2016] [:error] [pid 7720:tid 1848] [client ::1:57860] PHP Notice:  Undefined index: score in C:\\xampp\\htdocs\\includes\\functions.php on line 433, referer: http://localhost/eventos.php
[Fri Apr 15 01:46:18.543433 2016] [:error] [pid 7720:tid 1848] [client ::1:57860] PHP Notice:  Undefined index: username in C:\\xampp\\htdocs\\includes\\functions.php on line 432, referer: http://localhost/eventos.php
[Fri Apr 15 01:46:18.543433 2016] [:error] [pid 7720:tid 1848] [client ::1:57860] PHP Notice:  Undefined index: score in C:\\xampp\\htdocs\\includes\\functions.php on line 433, referer: http://localhost/eventos.php
[Fri Apr 15 01:46:18.543433 2016] [:error] [pid 7720:tid 1848] [client ::1:57860] PHP Notice:  Undefined index: username in C:\\xampp\\htdocs\\includes\\functions.php on line 432, referer: http://localhost/eventos.php
[Fri Apr 15 01:46:18.543433 2016] [:error] [pid 7720:tid 1848] [client ::1:57860] PHP Notice:  Undefined index: score in C:\\xampp\\htdocs\\includes\\functions.php on line 433, referer: http://localhost/eventos.php
[Fri Apr 15 01:46:18.543433 2016] [:error] [pid 7720:tid 1848] [client ::1:57860] PHP Notice:  Undefined index: username in C:\\xampp\\htdocs\\includes\\functions.php on line 432, referer: http://localhost/eventos.php
[Fri Apr 15 01:46:18.543433 2016] [:error] [pid 7720:tid 1848] [client ::1:57860] PHP Notice:  Undefined index: score in C:\\xampp\\htdocs\\includes\\functions.php on line 433, referer: http://localhost/eventos.php
[Fri Apr 15 01:46:18.543433 2016] [:error] [pid 7720:tid 1848] [client ::1:57860] PHP Notice:  Undefined index: username in C:\\xampp\\htdocs\\includes\\functions.php on line 432, referer: http://localhost/eventos.php
[Fri Apr 15 01:46:18.544434 2016] [:error] [pid 7720:tid 1848] [client ::1:57860] PHP Notice:  Undefined index: score in C:\\xampp\\htdocs\\includes\\functions.php on line 433, referer: http://localhost/eventos.php
[Fri Apr 15 01:46:18.544434 2016] [:error] [pid 7720:tid 1848] [client ::1:57860] PHP Notice:  Undefined index: username in C:\\xampp\\htdocs\\includes\\functions.php on line 432, referer: http://localhost/eventos.php
[Fri Apr 15 01:46:18.544434 2016] [:error] [pid 7720:tid 1848] [client ::1:57860] PHP Notice:  Undefined index: score in C:\\xampp\\htdocs\\includes\\functions.php on line 433, referer: http://localhost/eventos.php
[Fri Apr 15 01:46:18.544434 2016] [:error] [pid 7720:tid 1848] [client ::1:57860] PHP Notice:  Undefined index: username in C:\\xampp\\htdocs\\includes\\functions.php on line 432, referer: http://localhost/eventos.php
[Fri Apr 15 01:46:18.544434 2016] [:error] [pid 7720:tid 1848] [client ::1:57860] PHP Notice:  Undefined index: score in C:\\xampp\\htdocs\\includes\\functions.php on line 433, referer: http://localhost/eventos.php
[Fri Apr 15 01:46:18.544434 2016] [:error] [pid 7720:tid 1848] [client ::1:57860] PHP Notice:  Undefined index: username in C:\\xampp\\htdocs\\includes\\functions.php on line 432, referer: http://localhost/eventos.php
[Fri Apr 15 01:46:18.544434 2016] [:error] [pid 7720:tid 1848] [client ::1:57860] PHP Notice:  Undefined index: score in C:\\xampp\\htdocs\\includes\\functions.php on line 433, referer: http://localhost/eventos.php
[Fri Apr 15 01:46:18.544434 2016] [:error] [pid 7720:tid 1848] [client ::1:57860] PHP Notice:  Undefined index: username in C:\\xampp\\htdocs\\includes\\functions.php on line 432, referer: http://localhost/eventos.php
[Fri Apr 15 01:46:18.545435 2016] [:error] [pid 7720:tid 1848] [client ::1:57860] PHP Notice:  Undefined index: score in C:\\xampp\\htdocs\\includes\\functions.php on line 433, referer: http://localhost/eventos.php
[Fri Apr 15 01:46:18.545435 2016] [:error] [pid 7720:tid 1848] [client ::1:57860] PHP Notice:  Undefined index: username in C:\\xampp\\htdocs\\includes\\functions.php on line 432, referer: http://localhost/eventos.php
[Fri Apr 15 01:46:18.545435 2016] [:error] [pid 7720:tid 1848] [client ::1:57860] PHP Notice:  Undefined index: score in C:\\xampp\\htdocs\\includes\\functions.php on line 433, referer: http://localhost/eventos.php
[Fri Apr 15 01:46:18.545435 2016] [:error] [pid 7720:tid 1848] [client ::1:57860] PHP Notice:  Undefined index: username in C:\\xampp\\htdocs\\includes\\functions.php on line 432, referer: http://localhost/eventos.php
[Fri Apr 15 01:46:18.546453 2016] [:error] [pid 7720:tid 1848] [client ::1:57860] PHP Notice:  Undefined index: score in C:\\xampp\\htdocs\\includes\\functions.php on line 433, referer: http://localhost/eventos.php
[Fri Apr 15 01:46:18.546453 2016] [:error] [pid 7720:tid 1848] [client ::1:57860] PHP Notice:  Undefined index: username in C:\\xampp\\htdocs\\includes\\functions.php on line 432, referer: http://localhost/eventos.php
[Fri Apr 15 01:46:18.546453 2016] [:error] [pid 7720:tid 1848] [client ::1:57860] PHP Notice:  Undefined index: score in C:\\xampp\\htdocs\\includes\\functions.php on line 433, referer: http://localhost/eventos.php
[Fri Apr 15 01:46:18.546453 2016] [:error] [pid 7720:tid 1848] [client ::1:57860] PHP Notice:  Undefined index: username in C:\\xampp\\htdocs\\includes\\functions.php on line 432, referer: http://localhost/eventos.php
[Fri Apr 15 01:46:18.547454 2016] [:error] [pid 7720:tid 1848] [client ::1:57860] PHP Notice:  Undefined index: score in C:\\xampp\\htdocs\\includes\\functions.php on line 433, referer: http://localhost/eventos.php
[Fri Apr 15 01:46:18.547454 2016] [:error] [pid 7720:tid 1848] [client ::1:57860] PHP Notice:  Undefined index: username in C:\\xampp\\htdocs\\includes\\functions.php on line 432, referer: http://localhost/eventos.php
[Fri Apr 15 01:46:18.547454 2016] [:error] [pid 7720:tid 1848] [client ::1:57860] PHP Notice:  Undefined index: score in C:\\xampp\\htdocs\\includes\\functions.php on line 433, referer: http://localhost/eventos.php
[Fri Apr 15 01:46:18.547454 2016] [:error] [pid 7720:tid 1848] [client ::1:57860] PHP Notice:  Undefined index: username in C:\\xampp\\htdocs\\includes\\functions.php on line 432, referer: http://localhost/eventos.php
[Fri Apr 15 01:46:18.548454 2016] [:error] [pid 7720:tid 1848] [client ::1:57860] PHP Notice:  Undefined index: score in C:\\xampp\\htdocs\\includes\\functions.php on line 433, referer: http://localhost/eventos.php
[Fri Apr 15 01:46:18.548454 2016] [:error] [pid 7720:tid 1848] [client ::1:57860] PHP Notice:  Undefined index: username in C:\\xampp\\htdocs\\includes\\functions.php on line 432, referer: http://localhost/eventos.php
[Fri Apr 15 01:46:18.548454 2016] [:error] [pid 7720:tid 1848] [client ::1:57860] PHP Notice:  Undefined index: score in C:\\xampp\\htdocs\\includes\\functions.php on line 433, referer: http://localhost/eventos.php
[Fri Apr 15 01:46:18.548454 2016] [:error] [pid 7720:tid 1848] [client ::1:57860] PHP Notice:  Undefined index: username in C:\\xampp\\htdocs\\includes\\functions.php on line 432, referer: http://localhost/eventos.php
[Fri Apr 15 01:46:18.548454 2016] [:error] [pid 7720:tid 1848] [client ::1:57860] PHP Notice:  Undefined index: score in C:\\xampp\\htdocs\\includes\\functions.php on line 433, referer: http://localhost/eventos.php
[Fri Apr 15 01:46:18.548454 2016] [:error] [pid 7720:tid 1848] [client ::1:57860] PHP Notice:  Undefined index: username in C:\\xampp\\htdocs\\includes\\functions.php on line 432, referer: http://localhost/eventos.php
[Fri Apr 15 01:46:18.549438 2016] [:error] [pid 7720:tid 1848] [client ::1:57860] PHP Notice:  Undefined index: score in C:\\xampp\\htdocs\\includes\\functions.php on line 433, referer: http://localhost/eventos.php
[Fri Apr 15 01:46:18.549438 2016] [:error] [pid 7720:tid 1848] [client ::1:57860] PHP Notice:  Undefined index: username in C:\\xampp\\htdocs\\includes\\functions.php on line 432, referer: http://localhost/eventos.php
[Fri Apr 15 01:46:18.549438 2016] [:error] [pid 7720:tid 1848] [client ::1:57860] PHP Notice:  Undefined index: score in C:\\xampp\\htdocs\\includes\\functions.php on line 433, referer: http://localhost/eventos.php
[Fri Apr 15 01:46:18.549438 2016] [:error] [pid 7720:tid 1848] [client ::1:57860] PHP Notice:  Undefined index: username in C:\\xampp\\htdocs\\includes\\functions.php on line 432, referer: http://localhost/eventos.php
[Fri Apr 15 01:46:18.549438 2016] [:error] [pid 7720:tid 1848] [client ::1:57860] PHP Notice:  Undefined index: score in C:\\xampp\\htdocs\\includes\\functions.php on line 433, referer: http://localhost/eventos.php
[Fri Apr 15 01:46:18.550437 2016] [:error] [pid 7720:tid 1848] [client ::1:57860] PHP Notice:  Undefined index: username in C:\\xampp\\htdocs\\includes\\functions.php on line 432, referer: http://localhost/eventos.php
[Fri Apr 15 01:46:18.550437 2016] [:error] [pid 7720:tid 1848] [client ::1:57860] PHP Notice:  Undefined index: score in C:\\xampp\\htdocs\\includes\\functions.php on line 433, referer: http://localhost/eventos.php
[Fri Apr 15 01:46:18.550437 2016] [:error] [pid 7720:tid 1848] [client ::1:57860] PHP Notice:  Undefined index: username in C:\\xampp\\htdocs\\includes\\functions.php on line 432, referer: http://localhost/eventos.php
[Fri Apr 15 01:46:18.550437 2016] [:error] [pid 7720:tid 1848] [client ::1:57860] PHP Notice:  Undefined index: score in C:\\xampp\\htdocs\\includes\\functions.php on line 433, referer: http://localhost/eventos.php
[Fri Apr 15 01:46:18.551437 2016] [:error] [pid 7720:tid 1848] [client ::1:57860] PHP Notice:  Undefined index: username in C:\\xampp\\htdocs\\includes\\functions.php on line 432, referer: http://localhost/eventos.php
[Fri Apr 15 01:46:18.551437 2016] [:error] [pid 7720:tid 1848] [client ::1:57860] PHP Notice:  Undefined index: score in C:\\xampp\\htdocs\\includes\\functions.php on line 433, referer: http://localhost/eventos.php
[Fri Apr 15 01:46:18.551437 2016] [:error] [pid 7720:tid 1848] [client ::1:57860] PHP Notice:  Undefined index: username in C:\\xampp\\htdocs\\includes\\functions.php on line 432, referer: http://localhost/eventos.php
[Fri Apr 15 01:46:18.552445 2016] [:error] [pid 7720:tid 1848] [client ::1:57860] PHP Notice:  Undefined index: score in C:\\xampp\\htdocs\\includes\\functions.php on line 433, referer: http://localhost/eventos.php
[Fri Apr 15 01:46:18.553438 2016] [:error] [pid 7720:tid 1848] [client ::1:57860] PHP Notice:  Undefined index: username in C:\\xampp\\htdocs\\includes\\functions.php on line 432, referer: http://localhost/eventos.php
[Fri Apr 15 01:46:18.553438 2016] [:error] [pid 7720:tid 1848] [client ::1:57860] PHP Notice:  Undefined index: score in C:\\xampp\\htdocs\\includes\\functions.php on line 433, referer: http://localhost/eventos.php
[Fri Apr 15 01:46:18.553438 2016] [:error] [pid 7720:tid 1848] [client ::1:57860] PHP Notice:  Undefined index: username in C:\\xampp\\htdocs\\includes\\functions.php on line 432, referer: http://localhost/eventos.php
[Fri Apr 15 01:46:18.553438 2016] [:error] [pid 7720:tid 1848] [client ::1:57860] PHP Notice:  Undefined index: score in C:\\xampp\\htdocs\\includes\\functions.php on line 433, referer: http://localhost/eventos.php
[Fri Apr 15 01:46:18.554438 2016] [:error] [pid 7720:tid 1848] [client ::1:57860] PHP Notice:  Undefined index: username in C:\\xampp\\htdocs\\includes\\functions.php on line 432, referer: http://localhost/eventos.php
[Fri Apr 15 01:46:18.554438 2016] [:error] [pid 7720:tid 1848] [client ::1:57860] PHP Notice:  Undefined index: score in C:\\xampp\\htdocs\\includes\\functions.php on line 433, referer: http://localhost/eventos.php
[Fri Apr 15 01:46:18.554438 2016] [:error] [pid 7720:tid 1848] [client ::1:57860] PHP Notice:  Undefined index: username in C:\\xampp\\htdocs\\includes\\functions.php on line 432, referer: http://localhost/eventos.php
[Fri Apr 15 01:46:18.554438 2016] [:error] [pid 7720:tid 1848] [client ::1:57860] PHP Notice:  Undefined index: score in C:\\xampp\\htdocs\\includes\\functions.php on line 433, referer: http://localhost/eventos.php
[Fri Apr 15 01:46:18.554438 2016] [:error] [pid 7720:tid 1848] [client ::1:57860] PHP Notice:  Undefined index: username in C:\\xampp\\htdocs\\includes\\functions.php on line 432, referer: http://localhost/eventos.php
[Fri Apr 15 01:46:18.555439 2016] [:error] [pid 7720:tid 1848] [client ::1:57860] PHP Notice:  Undefined index: score in C:\\xampp\\htdocs\\includes\\functions.php on line 433, referer: http://localhost/eventos.php
[Fri Apr 15 01:46:18.555439 2016] [:error] [pid 7720:tid 1848] [client ::1:57860] PHP Notice:  Undefined index: username in C:\\xampp\\htdocs\\includes\\functions.php on line 432, referer: http://localhost/eventos.php
[Fri Apr 15 01:46:18.555439 2016] [:error] [pid 7720:tid 1848] [client ::1:57860] PHP Notice:  Undefined index: score in C:\\xampp\\htdocs\\includes\\functions.php on line 433, referer: http://localhost/eventos.php
[Fri Apr 15 01:46:18.555439 2016] [:error] [pid 7720:tid 1848] [client ::1:57860] PHP Notice:  Undefined index: username in C:\\xampp\\htdocs\\includes\\functions.php on line 432, referer: http://localhost/eventos.php
[Fri Apr 15 01:46:18.555439 2016] [:error] [pid 7720:tid 1848] [client ::1:57860] PHP Notice:  Undefined index: score in C:\\xampp\\htdocs\\includes\\functions.php on line 433, referer: http://localhost/eventos.php
[Fri Apr 15 01:46:18.555439 2016] [:error] [pid 7720:tid 1848] [client ::1:57860] PHP Notice:  Undefined index: username in C:\\xampp\\htdocs\\includes\\functions.php on line 432, referer: http://localhost/eventos.php
[Fri Apr 15 01:46:18.556439 2016] [:error] [pid 7720:tid 1848] [client ::1:57860] PHP Notice:  Undefined index: score in C:\\xampp\\htdocs\\includes\\functions.php on line 433, referer: http://localhost/eventos.php
[Fri Apr 15 01:46:18.556439 2016] [:error] [pid 7720:tid 1848] [client ::1:57860] PHP Notice:  Undefined index: username in C:\\xampp\\htdocs\\includes\\functions.php on line 432, referer: http://S|H|C{Log_Forense_Expertise}}/eventos.php
[Fri Apr 15 01:46:18.556439 2016] [:error] [pid 7720:tid 1848] [client ::1:57860] PHP Notice:  Undefined index: score in C:\\xampp\\htdocs\\includes\\functions.php on line 433, referer: http://localhost/eventos.php
[Fri Apr 15 01:46:18.556439 2016] [:error] [pid 7720:tid 1848] [client ::1:57860] PHP Notice:  Undefined index: username in C:\\xampp\\htdocs\\includes\\functions.php on line 432, referer: http://localhost/eventos.php
[Fri Apr 15 01:46:18.556439 2016] [:error] [pid 7720:tid 1848] [client ::1:57860] PHP Notice:  Undefined index: score in C:\\xampp\\htdocs\\includes\\functions.php on line 433, referer: http://localhost/eventos.php
[Fri Apr 15 01:46:18.557440 2016] [:error] [pid 7720:tid 1848] [client ::1:57860] PHP Notice:  Undefined index: username in C:\\xampp\\htdocs\\includes\\functions.php on line 432, referer: http://localhost/eventos.php
[Fri Apr 15 01:46:18.557440 2016] [:error] [pid 7720:tid 1848] [client ::1:57860] PHP Notice:  Undefined index: score in C:\\xampp\\htdocs\\includes\\functions.php on line 433, referer: http://localhost/eventos.php
[Fri Apr 15 01:46:18.557440 2016] [:error] [pid 7720:tid 1848] [client ::1:57860] PHP Notice:  Undefined index: username in C:\\xampp\\htdocs\\includes\\functions.php on line 432, referer: http://localhost/eventos.php
[Fri Apr 15 01:46:18.557440 2016] [:error] [pid 7720:tid 1848] [client ::1:57860] PHP Notice:  Undefined index: score in C:\\xampp\\htdocs\\includes\\functions.php on line 433, referer: http://localhost/eventos.php
[Fri Apr 15 01:46:18.557440 2016] [:error] [pid 7720:tid 1848] [client ::1:57860] PHP Notice:  Undefined index: username in C:\\xampp\\htdocs\\includes\\functions.php on line 432, referer: http://localhost/eventos.php
[Fri Apr 15 01:46:18.558441 2016] [:error] [pid 7720:tid 1848] [client ::1:57860] PHP Notice:  Undefined index: score in C:\\xampp\\htdocs\\includes\\functions.php on line 433, referer: http://localhost/eventos.php
[Fri Apr 15 01:46:18.558441 2016] [:error] [pid 7720:tid 1848] [client ::1:57860] PHP Notice:  Undefined index: username in C:\\xampp\\htdocs\\includes\\functions.php on line 432, referer: http://localhost/eventos.php
[Fri Apr 15 01:46:18.558441 2016] [:error] [pid 7720:tid 1848] [client ::1:57860] PHP Notice:  Undefined index: score in C:\\xampp\\htdocs\\includes\\functions.php on line 433, referer: http://localhost/eventos.php
[Fri Apr 15 01:46:18.558441 2016] [:error] [pid 7720:tid 1848] [client ::1:57860] PHP Notice:  Undefined index: username in C:\\xampp\\htdocs\\includes\\functions.php on line 432, referer: http://localhost/eventos.php
[Fri Apr 15 01:46:18.559441 2016] [:error] [pid 7720:tid 1848] [client ::1:57860] PHP Notice:  Undefined index: score in C:\\xampp\\htdocs\\includes\\functions.php on line 433, referer: http://localhost/eventos.php
[Fri Apr 15 01:46:18.559441 2016] [:error] [pid 7720:tid 1848] [client ::1:57860] PHP Notice:  Undefined index: username in C:\\xampp\\htdocs\\includes\\functions.php on line 432, referer: http://localhost/eventos.php
[Fri Apr 15 01:46:18.559441 2016] [:error] [pid 7720:tid 1848] [client ::1:57860] PHP Notice:  Undefined index: score in C:\\xampp\\htdocs\\includes\\functions.php on line 433, referer: http://localhost/eventos.php
[Fri Apr 15 01:46:18.559441 2016] [:error] [pid 7720:tid 1848] [client ::1:57860] PHP Notice:  Undefined index: username in C:\\xampp\\htdocs\\includes\\functions.php on line 432, referer: http://localhost/eventos.php
[Fri Apr 15 01:46:18.560443 2016] [:error] [pid 7720:tid 1848] [client ::1:57860] PHP Notice:  Undefined index: score in C:\\xampp\\htdocs\\includes\\functions.php on line 433, referer: http://localhost/eventos.php
[Fri Apr 15 01:46:18.560443 2016] [:error] [pid 7720:tid 1848] [client ::1:57860] PHP Notice:  Undefined index: username in C:\\xampp\\htdocs\\includes\\functions.php on line 432, referer: http://localhost/eventos.php
[Fri Apr 15 01:46:18.560443 2016] [:error] [pid 7720:tid 1848] [client ::1:57860] PHP Notice:  Undefined index: score in C:\\xampp\\htdocs\\includes\\functions.php on line 433, referer: http://localhost/eventos.php
[Fri Apr 15 01:46:18.561443 2016] [:error] [pid 7720:tid 1848] [client ::1:57860] PHP Notice:  Undefined index: username in C:\\xampp\\htdocs\\includes\\functions.php on line 432, referer: http://localhost/eventos.php
[Fri Apr 15 01:46:18.561443 2016] [:error] [pid 7720:tid 1848] [client ::1:57860] PHP Notice:  Undefined index: score in C:\\xampp\\htdocs\\includes\\functions.php on line 433, referer: http://localhost/eventos.php
[Fri Apr 15 01:46:18.561443 2016] [:error] [pid 7720:tid 1848] [client ::1:57860] PHP Notice:  Undefined index: username in C:\\xampp\\htdocs\\includes\\functions.php on line 432, referer: http://localhost/eventos.php
[Fri Apr 15 01:46:18.561443 2016] [:error] [pid 7720:tid 1848] [client ::1:57860] PHP Notice:  Undefined index: score in C:\\xampp\\htdocs\\includes\\functions.php on line 433, referer: http://localhost/eventos.php
[Fri Apr 15 01:46:18.561443 2016] [:error] [pid 7720:tid 1848] [client ::1:57860] PHP Notice:  Undefined index: username in C:\\xampp\\htdocs\\includes\\functions.php on line 432, referer: http://localhost/eventos.php
[Fri Apr 15 01:46:18.561443 2016] [:error] [pid 7720:tid 1848] [client ::1:57860] PHP Notice:  Undefined index: score in C:\\xampp\\htdocs\\includes\\functions.php on line 433, referer: http://localhost/eventos.php
[Fri Apr 15 01:46:18.561443 2016] [:error] [pid 7720:tid 1848] [client ::1:57860] PHP Notice:  Undefined index: username in C:\\xampp\\htdocs\\includes\\functions.php on line 432, referer: http://localhost/eventos.php
[Fri Apr 15 01:46:18.562444 2016] [:error] [pid 7720:tid 1848] [client ::1:57860] PHP Notice:  Undefined index: score in C:\\xampp\\htdocs\\includes\\functions.php on line 433, referer: http://localhost/eventos.php
[Fri Apr 15 01:46:18.562444 2016] [:error] [pid 7720:tid 1848] [client ::1:57860] PHP Notice:  Undefined index: username in C:\\xampp\\htdocs\\includes\\functions.php on line 432, referer: http://localhost/eventos.php
[Fri Apr 15 01:46:18.562444 2016] [:error] [pid 7720:tid 1848] [client ::1:57860] PHP Notice:  Undefined index: score in C:\\xampp\\htdocs\\includes\\functions.php on line 433, referer: http://localhost/eventos.php
[Fri Apr 15 01:46:18.562444 2016] [:error] [pid 7720:tid 1848] [client ::1:57860] PHP Notice:  Undefined index: username in C:\\xampp\\htdocs\\includes\\functions.php on line 432, referer: http://localhost/eventos.php
[Fri Apr 15 01:46:18.562444 2016] [:error] [pid 7720:tid 1848] [client ::1:57860] PHP Notice:  Undefined index: score in C:\\xampp\\htdocs\\includes\\functions.php on line 433, referer: http://localhost/eventos.php
[Fri Apr 15 01:46:18.562444 2016] [:error] [pid 7720:tid 1848] [client ::1:57860] PHP Notice:  Undefined index: username in C:\\xampp\\htdocs\\includes\\functions.php on line 432, referer: http://localhost/eventos.php
[Fri Apr 15 01:46:18.562444 2016] [:error] [pid 7720:tid 1848] [client ::1:57860] PHP Notice:  Undefined index: score in C:\\xampp\\htdocs\\includes\\functions.php on line 433, referer: http://localhost/eventos.php
[Fri Apr 15 01:46:18.562444 2016] [:error] [pid 7720:tid 1848] [client ::1:57860] PHP Notice:  Undefined index: username in C:\\xampp\\htdocs\\includes\\functions.php on line 432, referer: http://localhost/eventos.php
[Fri Apr 15 01:46:18.563444 2016] [:error] [pid 7720:tid 1848] [client ::1:57860] PHP Notice:  Undefined index: score in C:\\xampp\\htdocs\\includes\\functions.php on line 433, referer: http://localhost/eventos.php
[Fri Apr 15 01:46:18.563444 2016] [:error] [pid 7720:tid 1848] [client ::1:57860] PHP Notice:  Undefined index: username in C:\\xampp\\htdocs\\includes\\functions.php on line 432, referer: http://localhost/eventos.php
[Fri Apr 15 01:46:18.563444 2016] [:error] [pid 7720:tid 1848] [client ::1:57860] PHP Notice:  Undefined index: score in C:\\xampp\\htdocs\\includes\\functions.php on line 433, referer: http://localhost/eventos.php
[Fri Apr 15 01:46:18.563444 2016] [:error] [pid 7720:tid 1848] [client ::1:57860] PHP Notice:  Undefined index: username in C:\\xampp\\htdocs\\includes\\functions.php on line 432, referer: http://localhost/eventos.php
[Fri Apr 15 01:46:18.563444 2016] [:error] [pid 7720:tid 1848] [client ::1:57860] PHP Notice:  Undefined index: score in C:\\xampp\\htdocs\\includes\\functions.php on line 433, referer: http://localhost/eventos.php
[Fri Apr 15 01:46:18.563444 2016] [:error] [pid 7720:tid 1848] [client ::1:57860] PHP Notice:  Undefined index: username in C:\\xampp\\htdocs\\includes\\functions.php on line 432, referer: http://localhost/eventos.php
[Fri Apr 15 01:46:18.563444 2016] [:error] [pid 7720:tid 1848] [client ::1:57860] PHP Notice:  Undefined index: score in C:\\xampp\\htdocs\\includes\\functions.php on line 433, referer: http://localhost/eventos.php
[Fri Apr 15 01:47:12.812669 2016] [:error] [pid 7720:tid 1840] [client ::1:57876] PHP Warning:  Missing argument 2 for ranking(), called in C:\\xampp\\htdocs\\score_lavajato.php on line 106 and defined in C:\\xampp\\htdocs\\includes\\functions.php on line 417, referer: http://localhost/eventos.php
[Fri Apr 15 01:47:12.812669 2016] [:error] [pid 7720:tid 1840] [client ::1:57876] PHP Fatal error:  Call to a member function prepare() on a non-object in C:\\xampp\\htdocs\\includes\\functions.php on line 419, referer: http://localhost/eventos.php
[Fri Apr 15 01:53:55.535955 2016] [:error] [pid 7720:tid 1816] [client ::1:58016] PHP Notice:  Undefined variable: mysqli in C:\\xampp\\htdocs\\includes\\functions.php on line 345, referer: http://localhost/sucuri.php
[Fri Apr 15 01:53:55.536563 2016] [:error] [pid 7720:tid 1816] [client ::1:58016] PHP Fatal error:  Call to a member function prepare() on a non-object in C:\\xampp\\htdocs\\includes\\functions.php on line 396, referer: http://localhost/sucuri.php
[Fri Apr 15 02:09:51.481212 2016] [:error] [pid 7720:tid 1816] [client ::1:58121] PHP Parse error:  syntax error, unexpected ';' in C:\\xampp\\htdocs\\includes\\functions.php on line 334, referer: http://localhost/sucuri.php
[Fri Apr 15 02:10:12.414917 2016] [:error] [pid 7720:tid 1816] [client ::1:58124] PHP Parse error:  syntax error, unexpected ';' in C:\\xampp\\htdocs\\includes\\functions.php on line 333, referer: http://localhost/sucuri.php
[Fri Apr 15 02:10:13.028546 2016] [:error] [pid 7720:tid 1816] [client ::1:58124] PHP Parse error:  syntax error, unexpected ';' in C:\\xampp\\htdocs\\includes\\functions.php on line 333, referer: http://localhost/sucuri.php
[Fri Apr 15 02:10:13.318844 2016] [:error] [pid 7720:tid 1816] [client ::1:58124] PHP Parse error:  syntax error, unexpected ';' in C:\\xampp\\htdocs\\includes\\functions.php on line 333, referer: http://localhost/sucuri.php
[Fri Apr 15 02:10:56.658181 2016] [:error] [pid 7720:tid 1840] [client ::1:58131] PHP Parse error:  syntax error, unexpected '$flagid' (T_VARIABLE) in C:\\xampp\\htdocs\\includes\\functions.php on line 333, referer: http://localhost/eventos.php
[Fri Apr 15 02:12:31.594856 2016] [:error] [pid 7720:tid 1840] [client ::1:58152] PHP Notice:  Undefined variable: userid in C:\\xampp\\htdocs\\includes\\functions.php on line 334, referer: http://localhost/sucuri.php
[Fri Apr 15 02:20:44.034345 2016] [:error] [pid 7720:tid 1808] [client ::1:58379] PHP Parse error:  syntax error, unexpected end of file in C:\\xampp\\htdocs\\includes\\functions.php on line 441, referer: http://localhost/sucuri.php
[Fri Apr 15 02:21:11.606966 2016] [:error] [pid 7720:tid 1840] [client ::1:58383] PHP Parse error:  syntax error, unexpected end of file in C:\\xampp\\htdocs\\includes\\functions.php on line 441, referer: http://localhost/sucuri.php
[Fri Apr 15 02:32:21.693876 2016] [:error] [pid 7720:tid 1816] [client ::1:58818] PHP Fatal error:  Call to undefined method mysqli::execute() in C:\\xampp\\htdocs\\includes\\functions.php on line 336, referer: http://localhost/lavajato.php
[Fri Apr 15 02:32:32.469168 2016] [:error] [pid 7720:tid 1816] [client ::1:58822] PHP Fatal error:  Call to undefined method mysqli::execute() in C:\\xampp\\htdocs\\includes\\functions.php on line 336, referer: http://localhost/lavajato.php
[Fri Apr 15 02:36:28.766621 2016] [:error] [pid 7720:tid 1848] [client ::1:58879] PHP Fatal error:  Call to a member function bind_param() on a non-object in C:\\xampp\\htdocs\\includes\\functions.php on line 335, referer: http://localhost/lavajato.php
[Fri Apr 15 02:37:26.299393 2016] [:error] [pid 7720:tid 1848] [client ::1:58885] PHP Fatal error:  Call to a member function bind_param() on a non-object in C:\\xampp\\htdocs\\includes\\functions.php on line 335, referer: http://localhost/lavajato.php
[Fri Apr 15 02:39:59.773144 2016] [:error] [pid 7720:tid 1848] [client ::1:58958] PHP Fatal error:  Call to a member function bind_param() on a non-object in C:\\xampp\\htdocs\\includes\\functions.php on line 335, referer: http://localhost/lavajato.php
[Fri Apr 15 02:49:19.539929 2016] [:error] [pid 7720:tid 1816] [client ::1:59287] PHP Parse error:  syntax error, unexpected '}' in C:\\xampp\\htdocs\\includes\\functions.php on line 333, referer: http://localhost/sucuri.php
[Fri Apr 15 02:55:36.332128 2016] [:error] [pid 7720:tid 1808] [client ::1:59460] PHP Notice:  Undefined variable: userid in C:\\xampp\\htdocs\\includes\\functions.php on line 327, referer: http://localhost/sucuri.php
[Fri Apr 15 02:55:41.256969 2016] [:error] [pid 7720:tid 1808] [client ::1:59460] PHP Notice:  Undefined variable: userid in C:\\xampp\\htdocs\\includes\\functions.php on line 327, referer: http://localhost/sucuri.php
[Fri Apr 15 03:04:07.522775 2016] [:error] [pid 7720:tid 1832] [client ::1:59574] PHP Parse error:  syntax error, unexpected '$stmt' (T_VARIABLE) in C:\\xampp\\htdocs\\includes\\functions.php on line 340, referer: http://localhost/sucuri.php
[Fri Apr 15 03:04:24.438947 2016] [:error] [pid 7720:tid 1832] [client ::1:59576] PHP Parse error:  syntax error, unexpected '$stmt' (T_VARIABLE) in C:\\xampp\\htdocs\\includes\\functions.php on line 340, referer: http://localhost/sucuri.php
[Fri Apr 15 03:10:23.734025 2016] [:error] [pid 7720:tid 1808] [client ::1:59793] PHP Warning:  mysqli_stmt::close(): Couldn't fetch mysqli_stmt in C:\\xampp\\htdocs\\includes\\functions.php on line 331, referer: http://localhost/sucuri.php
[Fri Apr 15 03:23:19.185809 2016] [:error] [pid 7720:tid 1816] [client ::1:59954] PHP Parse error:  syntax error, unexpected ';' in C:\\xampp\\htdocs\\includes\\functions.php on line 343, referer: http://localhost/sucuri.php
[Fri Apr 15 03:35:44.589774 2016] [:error] [pid 7720:tid 1824] [client ::1:60105] PHP Parse error:  syntax error, unexpected '}', expecting ',' or ';' in C:\\xampp\\htdocs\\includes\\functions.php on line 354, referer: http://localhost/sucuri.php
[Fri Apr 15 04:56:40.824228 2016] [:error] [pid 7720:tid 1832] [client ::1:61315] PHP Parse error:  syntax error, unexpected '$mysqli' (T_VARIABLE) in C:\\xampp\\htdocs\\includes\\functions.php on line 358, referer: http://localhost/eventos.php
[Fri Apr 15 05:02:07.797077 2016] [:error] [pid 7720:tid 1816] [client ::1:61991] PHP Warning:  Missing argument 2 for inserescore(), called in C:\\xampp\\htdocs\\eua.php on line 5 and defined in C:\\xampp\\htdocs\\includes\\functions.php on line 355, referer: http://localhost/eventos.php
[Fri Apr 15 05:02:07.797077 2016] [:error] [pid 7720:tid 1816] [client ::1:61991] PHP Notice:  Undefined variable: evento in C:\\xampp\\htdocs\\includes\\functions.php on line 357, referer: http://localhost/eventos.php
[Fri Apr 15 05:02:07.797077 2016] [:error] [pid 7720:tid 1816] [client ::1:61991] PHP Fatal error:  Call to a member function query() on a non-object in C:\\xampp\\htdocs\\includes\\functions.php on line 358, referer: http://localhost/eventos.php
[Fri Apr 15 05:03:32.482741 2016] [:error] [pid 7720:tid 1840] [client ::1:62018] PHP Warning:  Missing argument 2 for inserescore(), called in C:\\xampp\\htdocs\\lavajato.php on line 5 and defined in C:\\xampp\\htdocs\\includes\\functions.php on line 355, referer: http://localhost/eventos.php
[Fri Apr 15 05:03:32.482741 2016] [:error] [pid 7720:tid 1840] [client ::1:62018] PHP Notice:  Undefined variable: evento in C:\\xampp\\htdocs\\includes\\functions.php on line 357, referer: http://localhost/eventos.php
[Fri Apr 15 05:03:32.483742 2016] [:error] [pid 7720:tid 1840] [client ::1:62018] PHP Fatal error:  Call to a member function query() on a non-object in C:\\xampp\\htdocs\\includes\\functions.php on line 358, referer: http://localhost/eventos.php
[Fri Apr 15 05:20:03.646203 2016] [:error] [pid 7720:tid 1824] [client ::1:62269] PHP Notice:  Undefined variable: username in C:\\xampp\\htdocs\\profile.php on line 109
[Fri Apr 15 23:10:43.972813 2016] [ssl:warn] [pid 8772:tid 516] AH01909: www.example.com:443:0 server certificate does NOT include an ID which matches the server name
[Fri Apr 15 23:10:44.175942 2016] [core:warn] [pid 8772:tid 516] AH00098: pid file C:/xampp/apache/logs/httpd.pid overwritten -- Unclean shutdown of previous Apache run?
[Fri Apr 15 23:10:44.285317 2016] [ssl:warn] [pid 8772:tid 516] AH01909: www.example.com:443:0 server certificate does NOT include an ID which matches the server name
[Fri Apr 15 23:10:44.972846 2016] [mpm_winnt:notice] [pid 8772:tid 516] AH00455: Apache/2.4.17 (Win32) OpenSSL/1.0.2d PHP/5.5.33 configured -- resuming normal operations
[Fri Apr 15 23:10:44.972846 2016] [mpm_winnt:notice] [pid 8772:tid 516] AH00456: Apache Lounge VC11 Server built: Oct 13 2015 10:54:13
[Fri Apr 15 23:10:44.972846 2016] [core:notice] [pid 8772:tid 516] AH00094: Command line: 'c:\\xampp\\apache\\bin\\httpd.exe -d C:/xampp/apache'
[Fri Apr 15 23:10:44.972846 2016] [mpm_winnt:notice] [pid 8772:tid 516] AH00418: Parent: Created child process 8844
[Fri Apr 15 23:10:45.597833 2016] [ssl:warn] [pid 8844:tid 564] AH01909: www.example.com:443:0 server certificate does NOT include an ID which matches the server name
[Fri Apr 15 23:10:45.957212 2016] [ssl:warn] [pid 8844:tid 564] AH01909: www.example.com:443:0 server certificate does NOT include an ID which matches the server name
[Fri Apr 15 23:10:46.004107 2016] [mpm_winnt:notice] [pid 8844:tid 564] AH00354: Child: Starting 150 worker threads.
[Sat Apr 16 00:47:12.688513 2016] [:error] [pid 8844:tid 1824] [client ::1:52276] PHP Parse error:  syntax error, unexpected '{' in C:\\xampp\\htdocs\\profile.php on line 47
[Sat Apr 16 00:47:40.223616 2016] [:error] [pid 8844:tid 1836] [client ::1:52288] PHP Parse error:  syntax error, unexpected '{' in C:\\xampp\\htdocs\\profile.php on line 47
[Sat Apr 16 00:47:53.152333 2016] [:error] [pid 8844:tid 1808] [client ::1:52291] PHP Notice:  Undefined variable: userid in C:\\xampp\\htdocs\\includes\\functions.php on line 342, referer: http://localhost/profile.php
[Sat Apr 16 00:48:53.718137 2016] [:error] [pid 8844:tid 1808] [client ::1:52328] PHP Notice:  Undefined variable: userid in C:\\xampp\\htdocs\\includes\\functions.php on line 342, referer: http://localhost/profile.php
[Sat Apr 16 00:49:20.127643 2016] [:error] [pid 8844:tid 1808] [client ::1:52333] PHP Notice:  Undefined variable: userid in C:\\xampp\\htdocs\\includes\\functions.php on line 342, referer: http://localhost/profile.php
[Sat Apr 16 02:31:46.600206 2016] [:error] [pid 8844:tid 1824] [client ::1:55746] PHP Parse error:  syntax error, unexpected 'colheitas' (T_STRING) in C:\\xampp\\htdocs\\web30.php on line 3
[Sat Apr 16 02:32:30.398077 2016] [:error] [pid 8844:tid 1836] [client ::1:55751] PHP Parse error:  syntax error, unexpected 'colheitas' (T_STRING) in C:\\xampp\\htdocs\\web30.php on line 2
[Sat Apr 16 02:32:30.932477 2016] [:error] [pid 8844:tid 1836] [client ::1:55751] PHP Parse error:  syntax error, unexpected 'colheitas' (T_STRING) in C:\\xampp\\htdocs\\web30.php on line 2
[Sat Apr 16 02:32:45.630133 2016] [:error] [pid 8844:tid 1832] [client ::1:55752] PHP Parse error:  syntax error, unexpected 'respeito' (T_STRING) in C:\\xampp\\htdocs\\web30.php on line 2
